ERROR - 2023-07-18 01:34:31 --> Error connecting to the database: mysqli_sql_exception: Unknown database 'pk1' in C:\xampp\htdocs\PKB\system\Database\MySQLi\Connection.php:171
Stack trace:
#0 C:\xampp\htdocs\PKB\system\Database\MySQLi\Connection.php(171): mysqli->real_connect('localhost', 'root', '', 'PK1', 3306, '', 0)
#1 C:\xampp\htdocs\PKB\system\Database\BaseConnection.php(382): CodeIgniter\Database\MySQLi\Connection->connect(false)
#2 C:\xampp\htdocs\PKB\system\Database\BaseConnection.php(561): CodeIgniter\Database\BaseConnection->initialize()
#3 C:\xampp\htdocs\PKB\system\Database\BaseBuilder.php(1585): CodeIgniter\Database\BaseConnection->query('SELECT *\nFROM `...', Array, false)
#4 C:\xampp\htdocs\PKB\system\Model.php(223): CodeIgniter\Database\BaseBuilder->get()
#5 C:\xampp\htdocs\PKB\system\BaseModel.php(585): CodeIgniter\Model->doFindAll(0, 0)
#6 C:\xampp\htdocs\PKB\app\Controllers\topsis.php(40): CodeIgniter\BaseModel->findAll()
#7 C:\xampp\htdocs\PKB\system\CodeIgniter.php(927): App\Controllers\topsis->index()
#8 C:\xampp\htdocs\PKB\system\CodeIgniter.php(482): CodeIgniter\CodeIgniter->runController(Object(App\Controllers\topsis))
#9 C:\xampp\htdocs\PKB\system\CodeIgniter.php(351): CodeIgniter\CodeIgniter->handleRequest(NULL, Object(Config\Cache), false)
#10 C:\xampp\htdocs\PKB\public\index.php(67): CodeIgniter\CodeIgniter->run()
#11 C:\xampp\htdocs\PKB\system\Commands\Server\rewrite.php(46): require_once('C:\\xampp\\htdocs...')
#12 {main}

Next CodeIgniter\Database\Exceptions\DatabaseException: Unknown database 'pk1' in C:\xampp\htdocs\PKB\system\Database\MySQLi\Connection.php:215
Stack trace:
#0 C:\xampp\htdocs\PKB\system\Database\BaseConnection.php(382): CodeIgniter\Database\MySQLi\Connection->connect(false)
#1 C:\xampp\htdocs\PKB\system\Database\BaseConnection.php(561): CodeIgniter\Database\BaseConnection->initialize()
#2 C:\xampp\htdocs\PKB\system\Database\BaseBuilder.php(1585): CodeIgniter\Database\BaseConnection->query('SELECT *\nFROM `...', Array, false)
#3 C:\xampp\htdocs\PKB\system\Model.php(223): CodeIgniter\Database\BaseBuilder->get()
#4 C:\xampp\htdocs\PKB\system\BaseModel.php(585): CodeIgniter\Model->doFindAll(0, 0)
#5 C:\xampp\htdocs\PKB\app\Controllers\topsis.php(40): CodeIgniter\BaseModel->findAll()
#6 C:\xampp\htdocs\PKB\system\CodeIgniter.php(927): App\Controllers\topsis->index()
#7 C:\xampp\htdocs\PKB\system\CodeIgniter.php(482): CodeIgniter\CodeIgniter->runController(Object(App\Controllers\topsis))
#8 C:\xampp\htdocs\PKB\system\CodeIgniter.php(351): CodeIgniter\CodeIgniter->handleRequest(NULL, Object(Config\Cache), false)
#9 C:\xampp\htdocs\PKB\public\index.php(67): CodeIgniter\CodeIgniter->run()
#10 C:\xampp\htdocs\PKB\system\Commands\Server\rewrite.php(46): require_once('C:\\xampp\\htdocs...')
#11 {main}
CRITICAL - 2023-07-18 01:34:31 --> Unable to connect to the database.
Main connection [MySQLi]: Unknown database 'pk1'
in SYSTEMPATH\Database\BaseConnection.php on line 418.
 1 SYSTEMPATH\Database\BaseConnection.php(561): CodeIgniter\Database\BaseConnection->initialize()
 2 SYSTEMPATH\Database\BaseBuilder.php(1585): CodeIgniter\Database\BaseConnection->query('SELECT *
FROM `karyawan`', [], false)
 3 SYSTEMPATH\Model.php(223): CodeIgniter\Database\BaseBuilder->get()
 4 SYSTEMPATH\BaseModel.php(585): CodeIgniter\Model->doFindAll(0, 0)
 5 APPPATH\Controllers\topsis.php(40): CodeIgniter\BaseModel->findAll()
 6 SYSTEMPATH\CodeIgniter.php(927): App\Controllers\topsis->index()
 7 SYSTEMPATH\CodeIgniter.php(482): CodeIgniter\CodeIgniter->runController(Object(App\Controllers\topsis))
 8 SYSTEMPATH\CodeIgniter.php(351): CodeIgniter\CodeIgniter->handleRequest(null, Object(Config\Cache), false)
 9 FCPATH\index.php(67): CodeIgniter\CodeIgniter->run()
10 SYSTEMPATH\Commands\Server\rewrite.php(46): require_once('FCPATH\\index.php')
ERROR - 2023-07-18 01:39:21 --> mysqli_sql_exception: Unknown column 'karyawan.id_divisi' in 'on clause' in C:\xampp\htdocs\PKB\system\Database\MySQLi\Connection.php:292
Stack trace:
#0 C:\xampp\htdocs\PKB\system\Database\MySQLi\Connection.php(292): mysqli->query('SELECT `karyawa...', 0)
#1 C:\xampp\htdocs\PKB\system\Database\BaseConnection.php(666): CodeIgniter\Database\MySQLi\Connection->execute('SELECT `karyawa...')
#2 C:\xampp\htdocs\PKB\system\Database\BaseConnection.php(593): CodeIgniter\Database\BaseConnection->simpleQuery('SELECT `karyawa...')
#3 C:\xampp\htdocs\PKB\system\Database\BaseBuilder.php(1585): CodeIgniter\Database\BaseConnection->query('SELECT `karyawa...', Array, false)
#4 C:\xampp\htdocs\PKB\app\Models\M_karyawan.php(24): CodeIgniter\Database\BaseBuilder->get()
#5 C:\xampp\htdocs\PKB\app\Controllers\Admin.php(110): App\Models\M_karyawan->getKaryawanWithDivisi()
#6 C:\xampp\htdocs\PKB\system\CodeIgniter.php(927): App\Controllers\Admin->dashboard()
#7 C:\xampp\htdocs\PKB\system\CodeIgniter.php(482): CodeIgniter\CodeIgniter->runController(Object(App\Controllers\Admin))
#8 C:\xampp\htdocs\PKB\system\CodeIgniter.php(351): CodeIgniter\CodeIgniter->handleRequest(NULL, Object(Config\Cache), false)
#9 C:\xampp\htdocs\PKB\public\index.php(67): CodeIgniter\CodeIgniter->run()
#10 C:\xampp\htdocs\PKB\system\Commands\Server\rewrite.php(46): require_once('C:\\xampp\\htdocs...')
#11 {main}
CRITICAL - 2023-07-18 01:39:21 --> Call to a member function getResultArray() on bool
in APPPATH\Models\M_karyawan.php on line 24.
 1 APPPATH\Controllers\Admin.php(110): App\Models\M_karyawan->getKaryawanWithDivisi()
 2 SYSTEMPATH\CodeIgniter.php(927): App\Controllers\Admin->dashboard()
 3 SYSTEMPATH\CodeIgniter.php(482): CodeIgniter\CodeIgniter->runController(Object(App\Controllers\Admin))
 4 SYSTEMPATH\CodeIgniter.php(351): CodeIgniter\CodeIgniter->handleRequest(null, Object(Config\Cache), false)
 5 FCPATH\index.php(67): CodeIgniter\CodeIgniter->run()
 6 SYSTEMPATH\Commands\Server\rewrite.php(46): require_once('FCPATH\\index.php')
CRITICAL - 2023-07-18 01:41:20 --> Call to undefined method App\Models\M_karyawan::getKaryawanWithDivisi
in SYSTEMPATH\Model.php on line 774.
 1 APPPATH\Controllers\Admin.php(110): CodeIgniter\Model->__call('getKaryawanWithDivisi', [])
 2 SYSTEMPATH\CodeIgniter.php(927): App\Controllers\Admin->dashboard()
 3 SYSTEMPATH\CodeIgniter.php(482): CodeIgniter\CodeIgniter->runController(Object(App\Controllers\Admin))
 4 SYSTEMPATH\CodeIgniter.php(351): CodeIgniter\CodeIgniter->handleRequest(null, Object(Config\Cache), false)
 5 FCPATH\index.php(67): CodeIgniter\CodeIgniter->run()
 6 SYSTEMPATH\Commands\Server\rewrite.php(46): require_once('FCPATH\\index.php')
CRITICAL - 2023-07-18 01:42:32 --> Call to undefined method App\Models\M_karyawan::getKaryawanWithDivisi
in SYSTEMPATH\Model.php on line 774.
 1 APPPATH\Controllers\Admin.php(110): CodeIgniter\Model->__call('getKaryawanWithDivisi', [])
 2 SYSTEMPATH\CodeIgniter.php(927): App\Controllers\Admin->dashboard()
 3 SYSTEMPATH\CodeIgniter.php(482): CodeIgniter\CodeIgniter->runController(Object(App\Controllers\Admin))
 4 SYSTEMPATH\CodeIgniter.php(351): CodeIgniter\CodeIgniter->handleRequest(null, Object(Config\Cache), false)
 5 FCPATH\index.php(67): CodeIgniter\CodeIgniter->run()
 6 SYSTEMPATH\Commands\Server\rewrite.php(46): require_once('FCPATH\\index.php')
CRITICAL - 2023-07-18 01:44:54 --> Call to undefined method App\Models\M_karyawan::getKaryawanWithDivisi
in SYSTEMPATH\Model.php on line 774.
 1 APPPATH\Controllers\Admin.php(110): CodeIgniter\Model->__call('getKaryawanWithDivisi', [])
 2 SYSTEMPATH\CodeIgniter.php(927): App\Controllers\Admin->dashboard()
 3 SYSTEMPATH\CodeIgniter.php(482): CodeIgniter\CodeIgniter->runController(Object(App\Controllers\Admin))
 4 SYSTEMPATH\CodeIgniter.php(351): CodeIgniter\CodeIgniter->handleRequest(null, Object(Config\Cache), false)
 5 FCPATH\index.php(67): CodeIgniter\CodeIgniter->run()
 6 SYSTEMPATH\Commands\Server\rewrite.php(46): require_once('FCPATH\\index.php')
ERROR - 2023-07-18 01:46:28 --> mysqli_sql_exception: Unknown column 'karyawan.id_divisi' in 'on clause' in C:\xampp\htdocs\PKB\system\Database\MySQLi\Connection.php:292
Stack trace:
#0 C:\xampp\htdocs\PKB\system\Database\MySQLi\Connection.php(292): mysqli->query('SELECT `karyawa...', 0)
#1 C:\xampp\htdocs\PKB\system\Database\BaseConnection.php(666): CodeIgniter\Database\MySQLi\Connection->execute('SELECT `karyawa...')
#2 C:\xampp\htdocs\PKB\system\Database\BaseConnection.php(593): CodeIgniter\Database\BaseConnection->simpleQuery('SELECT `karyawa...')
#3 C:\xampp\htdocs\PKB\system\Database\BaseBuilder.php(1585): CodeIgniter\Database\BaseConnection->query('SELECT `karyawa...', Array, false)
#4 C:\xampp\htdocs\PKB\app\Models\M_karyawan.php(24): CodeIgniter\Database\BaseBuilder->get()
#5 C:\xampp\htdocs\PKB\app\Controllers\Admin.php(110): App\Models\M_karyawan->getKaryawanWithDivisi()
#6 C:\xampp\htdocs\PKB\system\CodeIgniter.php(927): App\Controllers\Admin->dashboard()
#7 C:\xampp\htdocs\PKB\system\CodeIgniter.php(482): CodeIgniter\CodeIgniter->runController(Object(App\Controllers\Admin))
#8 C:\xampp\htdocs\PKB\system\CodeIgniter.php(351): CodeIgniter\CodeIgniter->handleRequest(NULL, Object(Config\Cache), false)
#9 C:\xampp\htdocs\PKB\public\index.php(67): CodeIgniter\CodeIgniter->run()
#10 C:\xampp\htdocs\PKB\system\Commands\Server\rewrite.php(46): require_once('C:\\xampp\\htdocs...')
#11 {main}
CRITICAL - 2023-07-18 01:46:28 --> Call to a member function getResultArray() on bool
in APPPATH\Models\M_karyawan.php on line 24.
 1 APPPATH\Controllers\Admin.php(110): App\Models\M_karyawan->getKaryawanWithDivisi()
 2 SYSTEMPATH\CodeIgniter.php(927): App\Controllers\Admin->dashboard()
 3 SYSTEMPATH\CodeIgniter.php(482): CodeIgniter\CodeIgniter->runController(Object(App\Controllers\Admin))
 4 SYSTEMPATH\CodeIgniter.php(351): CodeIgniter\CodeIgniter->handleRequest(null, Object(Config\Cache), false)
 5 FCPATH\index.php(67): CodeIgniter\CodeIgniter->run()
 6 SYSTEMPATH\Commands\Server\rewrite.php(46): require_once('FCPATH\\index.php')
CRITICAL - 2023-07-18 23:32:54 --> Call to a member function findAll() on null
in APPPATH\Views\topsis\index.php on line 37.
 1 SYSTEMPATH\View\View.php(213): include()
 2 SYSTEMPATH\View\View.php(216): CodeIgniter\View\View->CodeIgniter\View\{closure}()
 3 SYSTEMPATH\Common.php(1134): CodeIgniter\View\View->render('topsis/index', [], true)
 4 APPPATH\Controllers\topsis.php(49): view('topsis/index', [...])
 5 SYSTEMPATH\CodeIgniter.php(927): App\Controllers\topsis->index()
 6 SYSTEMPATH\CodeIgniter.php(482): CodeIgniter\CodeIgniter->runController(Object(App\Controllers\topsis))
 7 SYSTEMPATH\CodeIgniter.php(351): CodeIgniter\CodeIgniter->handleRequest(null, Object(Config\Cache), false)
 8 FCPATH\index.php(67): CodeIgniter\CodeIgniter->run()
 9 SYSTEMPATH\Commands\Server\rewrite.php(46): require_once('FCPATH\\index.php')
CRITICAL - 2023-07-18 23:35:32 --> Call to a member function findAll() on null
in APPPATH\Views\topsis\index.php on line 37.
 1 SYSTEMPATH\View\View.php(213): include()
 2 SYSTEMPATH\View\View.php(216): CodeIgniter\View\View->CodeIgniter\View\{closure}()
 3 SYSTEMPATH\Common.php(1134): CodeIgniter\View\View->render('topsis/index', [], true)
 4 APPPATH\Controllers\topsis.php(49): view('topsis/index', [...])
 5 SYSTEMPATH\CodeIgniter.php(927): App\Controllers\topsis->index()
 6 SYSTEMPATH\CodeIgniter.php(482): CodeIgniter\CodeIgniter->runController(Object(App\Controllers\topsis))
 7 SYSTEMPATH\CodeIgniter.php(351): CodeIgniter\CodeIgniter->handleRequest(null, Object(Config\Cache), false)
 8 FCPATH\index.php(67): CodeIgniter\CodeIgniter->run()
 9 SYSTEMPATH\Commands\Server\rewrite.php(46): require_once('FCPATH\\index.php')
