CRITICAL - 2023-07-20 00:06:30 --> Call to a member function findAll() on null
in APPPATH\Views\topsis\hasil_topsis.php on line 27.
 1 SYSTEMPATH\View\View.php(213): include()
 2 SYSTEMPATH\View\View.php(216): CodeIgniter\View\View->CodeIgniter\View\{closure}()
 3 SYSTEMPATH\Common.php(1134): CodeIgniter\View\View->render('topsis/hasil_topsis', [], true)
 4 APPPATH\Controllers\topsis.php(286): view('topsis/hasil_topsis', [...])
 5 SYSTEMPATH\CodeIgniter.php(927): App\Controllers\topsis->hasil_topsis()
 6 SYSTEMPATH\CodeIgniter.php(482): CodeIgniter\CodeIgniter->runController(Object(App\Controllers\topsis))
 7 SYSTEMPATH\CodeIgniter.php(351): CodeIgniter\CodeIgniter->handleRequest(null, Object(Config\Cache), false)
 8 FCPATH\index.php(67): CodeIgniter\CodeIgniter->run()
 9 SYSTEMPATH\Commands\Server\rewrite.php(46): require_once('FCPATH\\index.php')
CRITICAL - 2023-07-20 00:07:46 --> Call to a member function findAll() on null
in APPPATH\Views\topsis\hasil_topsis.php on line 59.
 1 SYSTEMPATH\View\View.php(213): include()
 2 SYSTEMPATH\View\View.php(216): CodeIgniter\View\View->CodeIgniter\View\{closure}()
 3 SYSTEMPATH\Common.php(1134): CodeIgniter\View\View->render('topsis/hasil_topsis', [], true)
 4 APPPATH\Controllers\topsis.php(286): view('topsis/hasil_topsis', [...])
 5 SYSTEMPATH\CodeIgniter.php(927): App\Controllers\topsis->hasil_topsis()
 6 SYSTEMPATH\CodeIgniter.php(482): CodeIgniter\CodeIgniter->runController(Object(App\Controllers\topsis))
 7 SYSTEMPATH\CodeIgniter.php(351): CodeIgniter\CodeIgniter->handleRequest(null, Object(Config\Cache), false)
 8 FCPATH\index.php(67): CodeIgniter\CodeIgniter->run()
 9 SYSTEMPATH\Commands\Server\rewrite.php(46): require_once('FCPATH\\index.php')
CRITICAL - 2023-07-20 00:09:40 --> Call to a member function findAll() on null
in APPPATH\Views\topsis\hasil_topsis.php on line 61.
 1 SYSTEMPATH\View\View.php(213): include()
 2 SYSTEMPATH\View\View.php(216): CodeIgniter\View\View->CodeIgniter\View\{closure}()
 3 SYSTEMPATH\Common.php(1134): CodeIgniter\View\View->render('topsis/hasil_topsis', [], true)
 4 APPPATH\Controllers\topsis.php(286): view('topsis/hasil_topsis', [...])
 5 SYSTEMPATH\CodeIgniter.php(927): App\Controllers\topsis->hasil_topsis()
 6 SYSTEMPATH\CodeIgniter.php(482): CodeIgniter\CodeIgniter->runController(Object(App\Controllers\topsis))
 7 SYSTEMPATH\CodeIgniter.php(351): CodeIgniter\CodeIgniter->handleRequest(null, Object(Config\Cache), false)
 8 FCPATH\index.php(67): CodeIgniter\CodeIgniter->run()
 9 SYSTEMPATH\Commands\Server\rewrite.php(46): require_once('FCPATH\\index.php')
CRITICAL - 2023-07-20 00:13:12 --> Call to a member function findAll() on null
in APPPATH\Views\topsis\hasil_topsis.php on line 68.
 1 SYSTEMPATH\View\View.php(213): include()
 2 SYSTEMPATH\View\View.php(216): CodeIgniter\View\View->CodeIgniter\View\{closure}()
 3 SYSTEMPATH\Common.php(1134): CodeIgniter\View\View->render('topsis/hasil_topsis', [], true)
 4 APPPATH\Controllers\topsis.php(286): view('topsis/hasil_topsis', [...])
 5 SYSTEMPATH\CodeIgniter.php(927): App\Controllers\topsis->hasil_topsis()
 6 SYSTEMPATH\CodeIgniter.php(482): CodeIgniter\CodeIgniter->runController(Object(App\Controllers\topsis))
 7 SYSTEMPATH\CodeIgniter.php(351): CodeIgniter\CodeIgniter->handleRequest(null, Object(Config\Cache), false)
 8 FCPATH\index.php(67): CodeIgniter\CodeIgniter->run()
 9 SYSTEMPATH\Commands\Server\rewrite.php(46): require_once('FCPATH\\index.php')
CRITICAL - 2023-07-20 00:16:24 --> Call to a member function findAll() on null
in APPPATH\Views\topsis\hasil_topsis.php on line 68.
 1 SYSTEMPATH\View\View.php(213): include()
 2 SYSTEMPATH\View\View.php(216): CodeIgniter\View\View->CodeIgniter\View\{closure}()
 3 SYSTEMPATH\Common.php(1134): CodeIgniter\View\View->render('topsis/hasil_topsis', [], true)
 4 APPPATH\Controllers\topsis.php(286): view('topsis/hasil_topsis', [...])
 5 SYSTEMPATH\CodeIgniter.php(927): App\Controllers\topsis->hasil_topsis()
 6 SYSTEMPATH\CodeIgniter.php(482): CodeIgniter\CodeIgniter->runController(Object(App\Controllers\topsis))
 7 SYSTEMPATH\CodeIgniter.php(351): CodeIgniter\CodeIgniter->handleRequest(null, Object(Config\Cache), false)
 8 FCPATH\index.php(67): CodeIgniter\CodeIgniter->run()
 9 SYSTEMPATH\Commands\Server\rewrite.php(46): require_once('FCPATH\\index.php')
CRITICAL - 2023-07-20 00:16:55 --> Call to a member function findAll() on null
in APPPATH\Views\topsis\hasil_topsis.php on line 68.
 1 SYSTEMPATH\View\View.php(213): include()
 2 SYSTEMPATH\View\View.php(216): CodeIgniter\View\View->CodeIgniter\View\{closure}()
 3 SYSTEMPATH\Common.php(1134): CodeIgniter\View\View->render('topsis/hasil_topsis', [], true)
 4 APPPATH\Controllers\topsis.php(286): view('topsis/hasil_topsis', [...])
 5 SYSTEMPATH\CodeIgniter.php(927): App\Controllers\topsis->hasil_topsis()
 6 SYSTEMPATH\CodeIgniter.php(482): CodeIgniter\CodeIgniter->runController(Object(App\Controllers\topsis))
 7 SYSTEMPATH\CodeIgniter.php(351): CodeIgniter\CodeIgniter->handleRequest(null, Object(Config\Cache), false)
 8 FCPATH\index.php(67): CodeIgniter\CodeIgniter->run()
 9 SYSTEMPATH\Commands\Server\rewrite.php(46): require_once('FCPATH\\index.php')
CRITICAL - 2023-07-20 00:17:44 --> Call to a member function findAll() on null
in APPPATH\Views\topsis\hasil_topsis.php on line 68.
 1 SYSTEMPATH\View\View.php(213): include()
 2 SYSTEMPATH\View\View.php(216): CodeIgniter\View\View->CodeIgniter\View\{closure}()
 3 SYSTEMPATH\Common.php(1134): CodeIgniter\View\View->render('topsis/hasil_topsis', [], true)
 4 APPPATH\Controllers\topsis.php(289): view('topsis/hasil_topsis', [...])
 5 SYSTEMPATH\CodeIgniter.php(927): App\Controllers\topsis->hasil_topsis()
 6 SYSTEMPATH\CodeIgniter.php(482): CodeIgniter\CodeIgniter->runController(Object(App\Controllers\topsis))
 7 SYSTEMPATH\CodeIgniter.php(351): CodeIgniter\CodeIgniter->handleRequest(null, Object(Config\Cache), false)
 8 FCPATH\index.php(67): CodeIgniter\CodeIgniter->run()
 9 SYSTEMPATH\Commands\Server\rewrite.php(46): require_once('FCPATH\\index.php')
CRITICAL - 2023-07-20 00:19:35 --> Invalid argument supplied for foreach()
in APPPATH\Views\topsis\hasil_topsis.php on line 68.
 1 APPPATH\Views\topsis\hasil_topsis.php(68): CodeIgniter\Debug\Exceptions->errorHandler(2, 'Invalid argument supplied for foreach()', 'APPPATH\\Views\\topsis\\hasil_topsis.php', 68, [...])
 2 SYSTEMPATH\View\View.php(213): include('APPPATH\\Views\\topsis\\hasil_topsis.php')
 3 SYSTEMPATH\View\View.php(216): CodeIgniter\View\View->CodeIgniter\View\{closure}()
 4 SYSTEMPATH\Common.php(1134): CodeIgniter\View\View->render('topsis/hasil_topsis', [], true)
 5 APPPATH\Controllers\topsis.php(289): view('topsis/hasil_topsis', [...])
 6 SYSTEMPATH\CodeIgniter.php(927): App\Controllers\topsis->hasil_topsis()
 7 SYSTEMPATH\CodeIgniter.php(482): CodeIgniter\CodeIgniter->runController(Object(App\Controllers\topsis))
 8 SYSTEMPATH\CodeIgniter.php(351): CodeIgniter\CodeIgniter->handleRequest(null, Object(Config\Cache), false)
 9 FCPATH\index.php(67): CodeIgniter\CodeIgniter->run()
10 SYSTEMPATH\Commands\Server\rewrite.php(46): require_once('FCPATH\\index.php')
CRITICAL - 2023-07-20 00:21:39 --> Call to a member function findAll() on null
in APPPATH\Views\topsis\hasil_topsis.php on line 28.
 1 SYSTEMPATH\View\View.php(213): include()
 2 SYSTEMPATH\View\View.php(216): CodeIgniter\View\View->CodeIgniter\View\{closure}()
 3 SYSTEMPATH\Common.php(1134): CodeIgniter\View\View->render('topsis/hasil_topsis', [], true)
 4 APPPATH\Controllers\topsis.php(286): view('topsis/hasil_topsis', [...])
 5 SYSTEMPATH\CodeIgniter.php(927): App\Controllers\topsis->hasil_topsis()
 6 SYSTEMPATH\CodeIgniter.php(482): CodeIgniter\CodeIgniter->runController(Object(App\Controllers\topsis))
 7 SYSTEMPATH\CodeIgniter.php(351): CodeIgniter\CodeIgniter->handleRequest(null, Object(Config\Cache), false)
 8 FCPATH\index.php(67): CodeIgniter\CodeIgniter->run()
 9 SYSTEMPATH\Commands\Server\rewrite.php(46): require_once('FCPATH\\index.php')
CRITICAL - 2023-07-20 00:22:00 --> Call to a member function findAll() on null
in APPPATH\Views\topsis\hasil_topsis.php on line 28.
 1 SYSTEMPATH\View\View.php(213): include()
 2 SYSTEMPATH\View\View.php(216): CodeIgniter\View\View->CodeIgniter\View\{closure}()
 3 SYSTEMPATH\Common.php(1134): CodeIgniter\View\View->render('topsis/hasil_topsis', [], true)
 4 APPPATH\Controllers\topsis.php(286): view('topsis/hasil_topsis', [...])
 5 SYSTEMPATH\CodeIgniter.php(927): App\Controllers\topsis->hasil_topsis()
 6 SYSTEMPATH\CodeIgniter.php(482): CodeIgniter\CodeIgniter->runController(Object(App\Controllers\topsis))
 7 SYSTEMPATH\CodeIgniter.php(351): CodeIgniter\CodeIgniter->handleRequest(null, Object(Config\Cache), false)
 8 FCPATH\index.php(67): CodeIgniter\CodeIgniter->run()
 9 SYSTEMPATH\Commands\Server\rewrite.php(46): require_once('FCPATH\\index.php')
CRITICAL - 2023-07-20 01:03:04 --> Invalid argument supplied for foreach()
in APPPATH\Views\topsis\hasil_topsis.php on line 112.
 1 APPPATH\Views\topsis\hasil_topsis.php(112): CodeIgniter\Debug\Exceptions->errorHandler(2, 'Invalid argument supplied for foreach()', 'APPPATH\\Views\\topsis\\hasil_topsis.php', 112, [...])
 2 SYSTEMPATH\View\View.php(213): include('APPPATH\\Views\\topsis\\hasil_topsis.php')
 3 SYSTEMPATH\View\View.php(216): CodeIgniter\View\View->CodeIgniter\View\{closure}()
 4 SYSTEMPATH\Common.php(1134): CodeIgniter\View\View->render('topsis/hasil_topsis', [], true)
 5 APPPATH\Controllers\topsis.php(291): view('topsis/hasil_topsis', [...])
 6 SYSTEMPATH\CodeIgniter.php(927): App\Controllers\topsis->hasil_topsis()
 7 SYSTEMPATH\CodeIgniter.php(482): CodeIgniter\CodeIgniter->runController(Object(App\Controllers\topsis))
 8 SYSTEMPATH\CodeIgniter.php(351): CodeIgniter\CodeIgniter->handleRequest(null, Object(Config\Cache), false)
 9 FCPATH\index.php(67): CodeIgniter\CodeIgniter->run()
10 SYSTEMPATH\Commands\Server\rewrite.php(46): require_once('FCPATH\\index.php')
CRITICAL - 2023-07-20 01:06:37 --> View themes, no current section.
in SYSTEMPATH\View\View.php on line 394.
 1 APPPATH\Views\topsis\hasil_topsis.php(123): CodeIgniter\View\View->endSection()
 2 SYSTEMPATH\View\View.php(213): include('APPPATH\\Views\\topsis\\hasil_topsis.php')
 3 SYSTEMPATH\View\View.php(216): CodeIgniter\View\View->CodeIgniter\View\{closure}()
 4 SYSTEMPATH\Common.php(1134): CodeIgniter\View\View->render('topsis/hasil_topsis', [], true)
 5 APPPATH\Controllers\topsis.php(293): view('topsis/hasil_topsis', [...])
 6 SYSTEMPATH\CodeIgniter.php(927): App\Controllers\topsis->hasil_topsis()
 7 SYSTEMPATH\CodeIgniter.php(482): CodeIgniter\CodeIgniter->runController(Object(App\Controllers\topsis))
 8 SYSTEMPATH\CodeIgniter.php(351): CodeIgniter\CodeIgniter->handleRequest(null, Object(Config\Cache), false)
 9 FCPATH\index.php(67): CodeIgniter\CodeIgniter->run()
10 SYSTEMPATH\Commands\Server\rewrite.php(46): require_once('FCPATH\\index.php')
CRITICAL - 2023-07-20 01:09:50 --> Invalid argument supplied for foreach()
in APPPATH\Views\topsis\hasil_topsis.php on line 36.
 1 APPPATH\Views\topsis\hasil_topsis.php(36): CodeIgniter\Debug\Exceptions->errorHandler(2, 'Invalid argument supplied for foreach()', 'APPPATH\\Views\\topsis\\hasil_topsis.php', 36, [...])
 2 SYSTEMPATH\View\View.php(213): include('APPPATH\\Views\\topsis\\hasil_topsis.php')
 3 SYSTEMPATH\View\View.php(216): CodeIgniter\View\View->CodeIgniter\View\{closure}()
 4 SYSTEMPATH\Common.php(1134): CodeIgniter\View\View->render('topsis/hasil_topsis', [], true)
 5 APPPATH\Controllers\topsis.php(267): view('topsis/hasil_topsis', [...])
 6 SYSTEMPATH\CodeIgniter.php(927): App\Controllers\topsis->proses()
 7 SYSTEMPATH\CodeIgniter.php(482): CodeIgniter\CodeIgniter->runController(Object(App\Controllers\topsis))
 8 SYSTEMPATH\CodeIgniter.php(351): CodeIgniter\CodeIgniter->handleRequest(null, Object(Config\Cache), false)
 9 FCPATH\index.php(67): CodeIgniter\CodeIgniter->run()
10 SYSTEMPATH\Commands\Server\rewrite.php(46): require_once('FCPATH\\index.php')
CRITICAL - 2023-07-20 01:12:33 --> Invalid argument supplied for foreach()
in APPPATH\Views\topsis\hasil_topsis.php on line 36.
 1 APPPATH\Views\topsis\hasil_topsis.php(36): CodeIgniter\Debug\Exceptions->errorHandler(2, 'Invalid argument supplied for foreach()', 'APPPATH\\Views\\topsis\\hasil_topsis.php', 36, [...])
 2 SYSTEMPATH\View\View.php(213): include('APPPATH\\Views\\topsis\\hasil_topsis.php')
 3 SYSTEMPATH\View\View.php(216): CodeIgniter\View\View->CodeIgniter\View\{closure}()
 4 SYSTEMPATH\Common.php(1134): CodeIgniter\View\View->render('topsis/hasil_topsis', [], true)
 5 APPPATH\Controllers\topsis.php(267): view('topsis/hasil_topsis', [...])
 6 SYSTEMPATH\CodeIgniter.php(927): App\Controllers\topsis->proses()
 7 SYSTEMPATH\CodeIgniter.php(482): CodeIgniter\CodeIgniter->runController(Object(App\Controllers\topsis))
 8 SYSTEMPATH\CodeIgniter.php(351): CodeIgniter\CodeIgniter->handleRequest(null, Object(Config\Cache), false)
 9 FCPATH\index.php(67): CodeIgniter\CodeIgniter->run()
10 SYSTEMPATH\Commands\Server\rewrite.php(46): require_once('FCPATH\\index.php')
CRITICAL - 2023-07-20 02:03:16 --> Call to undefined method App\Models\M_hasil::getHasilWithDivisi
in SYSTEMPATH\Model.php on line 774.
 1 APPPATH\Controllers\topsis.php(276): CodeIgniter\Model->__call('getHasilWithDivisi', [])
 2 SYSTEMPATH\CodeIgniter.php(927): App\Controllers\topsis->hasil_topsis()
 3 SYSTEMPATH\CodeIgniter.php(482): CodeIgniter\CodeIgniter->runController(Object(App\Controllers\topsis))
 4 SYSTEMPATH\CodeIgniter.php(351): CodeIgniter\CodeIgniter->handleRequest(null, Object(Config\Cache), false)
 5 FCPATH\index.php(67): CodeIgniter\CodeIgniter->run()
 6 SYSTEMPATH\Commands\Server\rewrite.php(46): require_once('FCPATH\\index.php')
CRITICAL - 2023-07-20 02:07:00 --> Invalid argument supplied for foreach()
in APPPATH\Views\topsis\hasil_topsis.php on line 39.
 1 APPPATH\Views\topsis\hasil_topsis.php(39): CodeIgniter\Debug\Exceptions->errorHandler(2, 'Invalid argument supplied for foreach()', 'APPPATH\\Views\\topsis\\hasil_topsis.php', 39, [...])
 2 SYSTEMPATH\View\View.php(213): include('APPPATH\\Views\\topsis\\hasil_topsis.php')
 3 SYSTEMPATH\View\View.php(216): CodeIgniter\View\View->CodeIgniter\View\{closure}()
 4 SYSTEMPATH\Common.php(1134): CodeIgniter\View\View->render('topsis/hasil_topsis', [], true)
 5 APPPATH\Controllers\topsis.php(267): view('topsis/hasil_topsis', [...])
 6 SYSTEMPATH\CodeIgniter.php(927): App\Controllers\topsis->proses()
 7 SYSTEMPATH\CodeIgniter.php(482): CodeIgniter\CodeIgniter->runController(Object(App\Controllers\topsis))
 8 SYSTEMPATH\CodeIgniter.php(351): CodeIgniter\CodeIgniter->handleRequest(null, Object(Config\Cache), false)
 9 FCPATH\index.php(67): CodeIgniter\CodeIgniter->run()
10 SYSTEMPATH\Commands\Server\rewrite.php(46): require_once('FCPATH\\index.php')
CRITICAL - 2023-07-20 02:18:17 --> Call to a member function findAll() on null
in APPPATH\Controllers\topsis.php on line 289.
 1 SYSTEMPATH\CodeIgniter.php(927): App\Controllers\topsis->hasil_topsis()
 2 SYSTEMPATH\CodeIgniter.php(482): CodeIgniter\CodeIgniter->runController(Object(App\Controllers\topsis))
 3 SYSTEMPATH\CodeIgniter.php(351): CodeIgniter\CodeIgniter->handleRequest(null, Object(Config\Cache), false)
 4 FCPATH\index.php(67): CodeIgniter\CodeIgniter->run()
 5 SYSTEMPATH\Commands\Server\rewrite.php(46): require_once('FCPATH\\index.php')
CRITICAL - 2023-07-20 02:52:44 --> Call to a member function findAll() on null
in APPPATH\Controllers\topsis.php on line 290.
 1 SYSTEMPATH\CodeIgniter.php(927): App\Controllers\topsis->hasil_topsis()
 2 SYSTEMPATH\CodeIgniter.php(482): CodeIgniter\CodeIgniter->runController(Object(App\Controllers\topsis))
 3 SYSTEMPATH\CodeIgniter.php(351): CodeIgniter\CodeIgniter->handleRequest(null, Object(Config\Cache), false)
 4 FCPATH\index.php(67): CodeIgniter\CodeIgniter->run()
 5 SYSTEMPATH\Commands\Server\rewrite.php(46): require_once('FCPATH\\index.php')
CRITICAL - 2023-07-20 02:56:51 --> Invalid argument supplied for foreach()
in APPPATH\Views\topsis\hasil_topsis.php on line 33.
 1 APPPATH\Views\topsis\hasil_topsis.php(33): CodeIgniter\Debug\Exceptions->errorHandler(2, 'Invalid argument supplied for foreach()', 'APPPATH\\Views\\topsis\\hasil_topsis.php', 33, [...])
 2 SYSTEMPATH\View\View.php(213): include('APPPATH\\Views\\topsis\\hasil_topsis.php')
 3 SYSTEMPATH\View\View.php(216): CodeIgniter\View\View->CodeIgniter\View\{closure}()
 4 SYSTEMPATH\Common.php(1134): CodeIgniter\View\View->render('topsis/hasil_topsis', [], true)
 5 APPPATH\Controllers\topsis.php(267): view('topsis/hasil_topsis', [...])
 6 SYSTEMPATH\CodeIgniter.php(927): App\Controllers\topsis->proses()
 7 SYSTEMPATH\CodeIgniter.php(482): CodeIgniter\CodeIgniter->runController(Object(App\Controllers\topsis))
 8 SYSTEMPATH\CodeIgniter.php(351): CodeIgniter\CodeIgniter->handleRequest(null, Object(Config\Cache), false)
 9 FCPATH\index.php(67): CodeIgniter\CodeIgniter->run()
10 SYSTEMPATH\Commands\Server\rewrite.php(46): require_once('FCPATH\\index.php')
CRITICAL - 2023-07-20 07:35:29 --> Invalid argument supplied for foreach()
in APPPATH\Views\topsis\hasil_topsis.php on line 21.
 1 APPPATH\Views\topsis\hasil_topsis.php(21): CodeIgniter\Debug\Exceptions->errorHandler(2, 'Invalid argument supplied for foreach()', 'APPPATH\\Views\\topsis\\hasil_topsis.php', 21, [...])
 2 SYSTEMPATH\View\View.php(213): include('APPPATH\\Views\\topsis\\hasil_topsis.php')
 3 SYSTEMPATH\View\View.php(216): CodeIgniter\View\View->CodeIgniter\View\{closure}()
 4 SYSTEMPATH\Common.php(1134): CodeIgniter\View\View->render('topsis/hasil_topsis', [], true)
 5 APPPATH\Controllers\topsis.php(328): view('topsis/hasil_topsis', [...])
 6 SYSTEMPATH\CodeIgniter.php(927): App\Controllers\topsis->hasil_topsis()
 7 SYSTEMPATH\CodeIgniter.php(482): CodeIgniter\CodeIgniter->runController(Object(App\Controllers\topsis))
 8 SYSTEMPATH\CodeIgniter.php(351): CodeIgniter\CodeIgniter->handleRequest(null, Object(Config\Cache), false)
 9 FCPATH\index.php(67): CodeIgniter\CodeIgniter->run()
10 SYSTEMPATH\Commands\Server\rewrite.php(46): require_once('FCPATH\\index.php')
CRITICAL - 2023-07-20 07:45:13 --> Invalid file: topsis/hasil_topsis_table.php
in SYSTEMPATH\Exceptions\FrameworkException.php on line 33.
 1 SYSTEMPATH\View\View.php(201): CodeIgniter\Exceptions\FrameworkException::forInvalidFile('topsis/hasil_topsis_table.php')
 2 SYSTEMPATH\Common.php(1134): CodeIgniter\View\View->render('topsis/hasil_topsis_table', [], true)
 3 APPPATH\Controllers\topsis.php(323): view('topsis/hasil_topsis_table', [...])
 4 SYSTEMPATH\CodeIgniter.php(927): App\Controllers\topsis->hasil_topsis()
 5 SYSTEMPATH\CodeIgniter.php(482): CodeIgniter\CodeIgniter->runController(Object(App\Controllers\topsis))
 6 SYSTEMPATH\CodeIgniter.php(351): CodeIgniter\CodeIgniter->handleRequest(null, Object(Config\Cache), false)
 7 FCPATH\index.php(67): CodeIgniter\CodeIgniter->run()
 8 SYSTEMPATH\Commands\Server\rewrite.php(46): require_once('FCPATH\\index.php')
CRITICAL - 2023-07-20 07:45:14 --> Invalid file: topsis/hasil_topsis_table.php
in SYSTEMPATH\Exceptions\FrameworkException.php on line 33.
 1 SYSTEMPATH\View\View.php(201): CodeIgniter\Exceptions\FrameworkException::forInvalidFile('topsis/hasil_topsis_table.php')
 2 SYSTEMPATH\Common.php(1134): CodeIgniter\View\View->render('topsis/hasil_topsis_table', [], true)
 3 APPPATH\Controllers\topsis.php(323): view('topsis/hasil_topsis_table', [...])
 4 SYSTEMPATH\CodeIgniter.php(927): App\Controllers\topsis->hasil_topsis()
 5 SYSTEMPATH\CodeIgniter.php(482): CodeIgniter\CodeIgniter->runController(Object(App\Controllers\topsis))
 6 SYSTEMPATH\CodeIgniter.php(351): CodeIgniter\CodeIgniter->handleRequest(null, Object(Config\Cache), false)
 7 FCPATH\index.php(67): CodeIgniter\CodeIgniter->run()
 8 SYSTEMPATH\Commands\Server\rewrite.php(46): require_once('FCPATH\\index.php')
CRITICAL - 2023-07-20 07:45:16 --> Invalid file: topsis/hasil_topsis_table.php
in SYSTEMPATH\Exceptions\FrameworkException.php on line 33.
 1 SYSTEMPATH\View\View.php(201): CodeIgniter\Exceptions\FrameworkException::forInvalidFile('topsis/hasil_topsis_table.php')
 2 SYSTEMPATH\Common.php(1134): CodeIgniter\View\View->render('topsis/hasil_topsis_table', [], true)
 3 APPPATH\Controllers\topsis.php(323): view('topsis/hasil_topsis_table', [...])
 4 SYSTEMPATH\CodeIgniter.php(927): App\Controllers\topsis->hasil_topsis()
 5 SYSTEMPATH\CodeIgniter.php(482): CodeIgniter\CodeIgniter->runController(Object(App\Controllers\topsis))
 6 SYSTEMPATH\CodeIgniter.php(351): CodeIgniter\CodeIgniter->handleRequest(null, Object(Config\Cache), false)
 7 FCPATH\index.php(67): CodeIgniter\CodeIgniter->run()
 8 SYSTEMPATH\Commands\Server\rewrite.php(46): require_once('FCPATH\\index.php')
CRITICAL - 2023-07-20 07:45:17 --> Invalid file: topsis/hasil_topsis_table.php
in SYSTEMPATH\Exceptions\FrameworkException.php on line 33.
 1 SYSTEMPATH\View\View.php(201): CodeIgniter\Exceptions\FrameworkException::forInvalidFile('topsis/hasil_topsis_table.php')
 2 SYSTEMPATH\Common.php(1134): CodeIgniter\View\View->render('topsis/hasil_topsis_table', [], true)
 3 APPPATH\Controllers\topsis.php(323): view('topsis/hasil_topsis_table', [...])
 4 SYSTEMPATH\CodeIgniter.php(927): App\Controllers\topsis->hasil_topsis()
 5 SYSTEMPATH\CodeIgniter.php(482): CodeIgniter\CodeIgniter->runController(Object(App\Controllers\topsis))
 6 SYSTEMPATH\CodeIgniter.php(351): CodeIgniter\CodeIgniter->handleRequest(null, Object(Config\Cache), false)
 7 FCPATH\index.php(67): CodeIgniter\CodeIgniter->run()
 8 SYSTEMPATH\Commands\Server\rewrite.php(46): require_once('FCPATH\\index.php')
CRITICAL - 2023-07-20 07:45:19 --> Invalid file: topsis/hasil_topsis_table.php
in SYSTEMPATH\Exceptions\FrameworkException.php on line 33.
 1 SYSTEMPATH\View\View.php(201): CodeIgniter\Exceptions\FrameworkException::forInvalidFile('topsis/hasil_topsis_table.php')
 2 SYSTEMPATH\Common.php(1134): CodeIgniter\View\View->render('topsis/hasil_topsis_table', [], true)
 3 APPPATH\Controllers\topsis.php(323): view('topsis/hasil_topsis_table', [...])
 4 SYSTEMPATH\CodeIgniter.php(927): App\Controllers\topsis->hasil_topsis()
 5 SYSTEMPATH\CodeIgniter.php(482): CodeIgniter\CodeIgniter->runController(Object(App\Controllers\topsis))
 6 SYSTEMPATH\CodeIgniter.php(351): CodeIgniter\CodeIgniter->handleRequest(null, Object(Config\Cache), false)
 7 FCPATH\index.php(67): CodeIgniter\CodeIgniter->run()
 8 SYSTEMPATH\Commands\Server\rewrite.php(46): require_once('FCPATH\\index.php')
CRITICAL - 2023-07-20 22:56:42 --> Invalid argument supplied for foreach()
in APPPATH\Views\topsis\hasil_topsis.php on line 44.
 1 APPPATH\Views\topsis\hasil_topsis.php(44): CodeIgniter\Debug\Exceptions->errorHandler(2, 'Invalid argument supplied for foreach()', 'APPPATH\\Views\\topsis\\hasil_topsis.php', 44, [...])
 2 SYSTEMPATH\View\View.php(213): include('APPPATH\\Views\\topsis\\hasil_topsis.php')
 3 SYSTEMPATH\View\View.php(216): CodeIgniter\View\View->CodeIgniter\View\{closure}()
 4 SYSTEMPATH\Common.php(1134): CodeIgniter\View\View->render('topsis/hasil_topsis', [], true)
 5 APPPATH\Controllers\topsis.php(356): view('topsis/hasil_topsis', [...])
 6 SYSTEMPATH\CodeIgniter.php(927): App\Controllers\topsis->hasil_topsis()
 7 SYSTEMPATH\CodeIgniter.php(482): CodeIgniter\CodeIgniter->runController(Object(App\Controllers\topsis))
 8 SYSTEMPATH\CodeIgniter.php(351): CodeIgniter\CodeIgniter->handleRequest(null, Object(Config\Cache), false)
 9 FCPATH\index.php(67): CodeIgniter\CodeIgniter->run()
10 SYSTEMPATH\Commands\Server\rewrite.php(46): require_once('FCPATH\\index.php')
CRITICAL - 2023-07-20 23:53:59 --> Invalid argument supplied for foreach()
in APPPATH\Views\topsis\hasil_topsis.php on line 44.
 1 APPPATH\Views\topsis\hasil_topsis.php(44): CodeIgniter\Debug\Exceptions->errorHandler(2, 'Invalid argument supplied for foreach()', 'APPPATH\\Views\\topsis\\hasil_topsis.php', 44, [...])
 2 SYSTEMPATH\View\View.php(213): include('APPPATH\\Views\\topsis\\hasil_topsis.php')
 3 SYSTEMPATH\View\View.php(216): CodeIgniter\View\View->CodeIgniter\View\{closure}()
 4 SYSTEMPATH\Common.php(1134): CodeIgniter\View\View->render('topsis/hasil_topsis', [], true)
 5 APPPATH\Controllers\topsis.php(353): view('topsis/hasil_topsis', [...])
 6 SYSTEMPATH\CodeIgniter.php(927): App\Controllers\topsis->hasil_topsis()
 7 SYSTEMPATH\CodeIgniter.php(482): CodeIgniter\CodeIgniter->runController(Object(App\Controllers\topsis))
 8 SYSTEMPATH\CodeIgniter.php(351): CodeIgniter\CodeIgniter->handleRequest(null, Object(Config\Cache), false)
 9 FCPATH\index.php(67): CodeIgniter\CodeIgniter->run()
10 SYSTEMPATH\Commands\Server\rewrite.php(46): require_once('FCPATH\\index.php')
CRITICAL - 2023-07-20 23:54:05 --> Invalid argument supplied for foreach()
in APPPATH\Views\topsis\hasil_topsis.php on line 44.
 1 APPPATH\Views\topsis\hasil_topsis.php(44): CodeIgniter\Debug\Exceptions->errorHandler(2, 'Invalid argument supplied for foreach()', 'APPPATH\\Views\\topsis\\hasil_topsis.php', 44, [...])
 2 SYSTEMPATH\View\View.php(213): include('APPPATH\\Views\\topsis\\hasil_topsis.php')
 3 SYSTEMPATH\View\View.php(216): CodeIgniter\View\View->CodeIgniter\View\{closure}()
 4 SYSTEMPATH\Common.php(1134): CodeIgniter\View\View->render('topsis/hasil_topsis', [], true)
 5 APPPATH\Controllers\topsis.php(353): view('topsis/hasil_topsis', [...])
 6 SYSTEMPATH\CodeIgniter.php(927): App\Controllers\topsis->hasil_topsis()
 7 SYSTEMPATH\CodeIgniter.php(482): CodeIgniter\CodeIgniter->runController(Object(App\Controllers\topsis))
 8 SYSTEMPATH\CodeIgniter.php(351): CodeIgniter\CodeIgniter->handleRequest(null, Object(Config\Cache), false)
 9 FCPATH\index.php(67): CodeIgniter\CodeIgniter->run()
10 SYSTEMPATH\Commands\Server\rewrite.php(46): require_once('FCPATH\\index.php')
CRITICAL - 2023-07-20 23:54:31 --> Invalid argument supplied for foreach()
in APPPATH\Views\topsis\hasil_topsis.php on line 44.
 1 APPPATH\Views\topsis\hasil_topsis.php(44): CodeIgniter\Debug\Exceptions->errorHandler(2, 'Invalid argument supplied for foreach()', 'APPPATH\\Views\\topsis\\hasil_topsis.php', 44, [...])
 2 SYSTEMPATH\View\View.php(213): include('APPPATH\\Views\\topsis\\hasil_topsis.php')
 3 SYSTEMPATH\View\View.php(216): CodeIgniter\View\View->CodeIgniter\View\{closure}()
 4 SYSTEMPATH\Common.php(1134): CodeIgniter\View\View->render('topsis/hasil_topsis', [], true)
 5 APPPATH\Controllers\topsis.php(353): view('topsis/hasil_topsis', [...])
 6 SYSTEMPATH\CodeIgniter.php(927): App\Controllers\topsis->hasil_topsis()
 7 SYSTEMPATH\CodeIgniter.php(482): CodeIgniter\CodeIgniter->runController(Object(App\Controllers\topsis))
 8 SYSTEMPATH\CodeIgniter.php(351): CodeIgniter\CodeIgniter->handleRequest(null, Object(Config\Cache), false)
 9 FCPATH\index.php(67): CodeIgniter\CodeIgniter->run()
10 SYSTEMPATH\Commands\Server\rewrite.php(46): require_once('FCPATH\\index.php')
CRITICAL - 2023-07-20 23:54:37 --> Invalid argument supplied for foreach()
in APPPATH\Views\topsis\hasil_topsis.php on line 44.
 1 APPPATH\Views\topsis\hasil_topsis.php(44): CodeIgniter\Debug\Exceptions->errorHandler(2, 'Invalid argument supplied for foreach()', 'APPPATH\\Views\\topsis\\hasil_topsis.php', 44, [...])
 2 SYSTEMPATH\View\View.php(213): include('APPPATH\\Views\\topsis\\hasil_topsis.php')
 3 SYSTEMPATH\View\View.php(216): CodeIgniter\View\View->CodeIgniter\View\{closure}()
 4 SYSTEMPATH\Common.php(1134): CodeIgniter\View\View->render('topsis/hasil_topsis', [], true)
 5 APPPATH\Controllers\topsis.php(353): view('topsis/hasil_topsis', [...])
 6 SYSTEMPATH\CodeIgniter.php(927): App\Controllers\topsis->hasil_topsis()
 7 SYSTEMPATH\CodeIgniter.php(482): CodeIgniter\CodeIgniter->runController(Object(App\Controllers\topsis))
 8 SYSTEMPATH\CodeIgniter.php(351): CodeIgniter\CodeIgniter->handleRequest(null, Object(Config\Cache), false)
 9 FCPATH\index.php(67): CodeIgniter\CodeIgniter->run()
10 SYSTEMPATH\Commands\Server\rewrite.php(46): require_once('FCPATH\\index.php')
CRITICAL - 2023-07-20 23:54:38 --> Invalid argument supplied for foreach()
in APPPATH\Views\topsis\hasil_topsis.php on line 44.
 1 APPPATH\Views\topsis\hasil_topsis.php(44): CodeIgniter\Debug\Exceptions->errorHandler(2, 'Invalid argument supplied for foreach()', 'APPPATH\\Views\\topsis\\hasil_topsis.php', 44, [...])
 2 SYSTEMPATH\View\View.php(213): include('APPPATH\\Views\\topsis\\hasil_topsis.php')
 3 SYSTEMPATH\View\View.php(216): CodeIgniter\View\View->CodeIgniter\View\{closure}()
 4 SYSTEMPATH\Common.php(1134): CodeIgniter\View\View->render('topsis/hasil_topsis', [], true)
 5 APPPATH\Controllers\topsis.php(353): view('topsis/hasil_topsis', [...])
 6 SYSTEMPATH\CodeIgniter.php(927): App\Controllers\topsis->hasil_topsis()
 7 SYSTEMPATH\CodeIgniter.php(482): CodeIgniter\CodeIgniter->runController(Object(App\Controllers\topsis))
 8 SYSTEMPATH\CodeIgniter.php(351): CodeIgniter\CodeIgniter->handleRequest(null, Object(Config\Cache), false)
 9 FCPATH\index.php(67): CodeIgniter\CodeIgniter->run()
10 SYSTEMPATH\Commands\Server\rewrite.php(46): require_once('FCPATH\\index.php')
CRITICAL - 2023-07-20 23:57:19 --> Call to undefined method App\Models\M_hasil::getKaryawanWithDivisi
in SYSTEMPATH\Model.php on line 774.
 1 APPPATH\Controllers\topsis.php(332): CodeIgniter\Model->__call('getKaryawanWithDivisi', [...])
 2 SYSTEMPATH\CodeIgniter.php(927): App\Controllers\topsis->hasil_topsis()
 3 SYSTEMPATH\CodeIgniter.php(482): CodeIgniter\CodeIgniter->runController(Object(App\Controllers\topsis))
 4 SYSTEMPATH\CodeIgniter.php(351): CodeIgniter\CodeIgniter->handleRequest(null, Object(Config\Cache), false)
 5 FCPATH\index.php(67): CodeIgniter\CodeIgniter->run()
 6 SYSTEMPATH\Commands\Server\rewrite.php(46): require_once('FCPATH\\index.php')
CRITICAL - 2023-07-20 23:58:45 --> Call to undefined method App\Models\M_hasil::getKaryawanWithDivisi
in SYSTEMPATH\Model.php on line 774.
 1 APPPATH\Controllers\topsis.php(332): CodeIgniter\Model->__call('getKaryawanWithDivisi', [...])
 2 SYSTEMPATH\CodeIgniter.php(927): App\Controllers\topsis->hasil_topsis()
 3 SYSTEMPATH\CodeIgniter.php(482): CodeIgniter\CodeIgniter->runController(Object(App\Controllers\topsis))
 4 SYSTEMPATH\CodeIgniter.php(351): CodeIgniter\CodeIgniter->handleRequest(null, Object(Config\Cache), false)
 5 FCPATH\index.php(67): CodeIgniter\CodeIgniter->run()
 6 SYSTEMPATH\Commands\Server\rewrite.php(46): require_once('FCPATH\\index.php')
CRITICAL - 2023-07-20 23:59:16 --> Call to undefined method App\Models\M_hasil::getKaryawanWithDivisi
in SYSTEMPATH\Model.php on line 774.
 1 APPPATH\Controllers\topsis.php(332): CodeIgniter\Model->__call('getKaryawanWithDivisi', [...])
 2 SYSTEMPATH\CodeIgniter.php(927): App\Controllers\topsis->hasil_topsis()
 3 SYSTEMPATH\CodeIgniter.php(482): CodeIgniter\CodeIgniter->runController(Object(App\Controllers\topsis))
 4 SYSTEMPATH\CodeIgniter.php(351): CodeIgniter\CodeIgniter->handleRequest(null, Object(Config\Cache), false)
 5 FCPATH\index.php(67): CodeIgniter\CodeIgniter->run()
 6 SYSTEMPATH\Commands\Server\rewrite.php(46): require_once('FCPATH\\index.php')
