CRITICAL - 2022-11-26 04:52:59 --> Invalid file: /lapor.php
in SYSTEMPATH\Exceptions\FrameworkException.php on line 33.
 1 SYSTEMPATH\View\View.php(201): CodeIgniter\Exceptions\FrameworkException::forInvalidFile('/lapor.php')
 2 SYSTEMPATH\Common.php(1134): CodeIgniter\View\View->render('/lapor', [], true)
 3 APPPATH\Controllers\lapor.php(102): view('/lapor')
 4 SYSTEMPATH\CodeIgniter.php(927): App\Controllers\lapor->tambah()
 5 SYSTEMPATH\CodeIgniter.php(482): CodeIgniter\CodeIgniter->runController(Object(App\Controllers\lapor))
 6 SYSTEMPATH\CodeIgniter.php(351): CodeIgniter\CodeIgniter->handleRequest(null, Object(Config\Cache), false)
 7 FCPATH\index.php(67): CodeIgniter\CodeIgniter->run()
 8 SYSTEMPATH\Commands\Server\rewrite.php(46): require_once('FCPATH\\index.php')
CRITICAL - 2022-11-26 04:55:03 --> Invalid file: /lapor.php
in SYSTEMPATH\Exceptions\FrameworkException.php on line 33.
 1 SYSTEMPATH\View\View.php(201): CodeIgniter\Exceptions\FrameworkException::forInvalidFile('/lapor.php')
 2 SYSTEMPATH\Common.php(1134): CodeIgniter\View\View->render('/lapor', [], true)
 3 APPPATH\Controllers\lapor.php(102): view('/lapor')
 4 SYSTEMPATH\CodeIgniter.php(927): App\Controllers\lapor->tambah()
 5 SYSTEMPATH\CodeIgniter.php(482): CodeIgniter\CodeIgniter->runController(Object(App\Controllers\lapor))
 6 SYSTEMPATH\CodeIgniter.php(351): CodeIgniter\CodeIgniter->handleRequest(null, Object(Config\Cache), false)
 7 FCPATH\index.php(67): CodeIgniter\CodeIgniter->run()
 8 SYSTEMPATH\Commands\Server\rewrite.php(46): require_once('FCPATH\\index.php')
CRITICAL - 2022-11-26 05:19:51 --> syntax error, unexpected ')', expecting ';' or ','
in APPPATH\Controllers\lapor.php on line 221.
 1 SYSTEMPATH\Autoloader\Autoloader.php(259): CodeIgniter\Autoloader\Autoloader->includeFile('APPPATH\\Controllers\\lapor.php')
 2 SYSTEMPATH\Autoloader\Autoloader.php(237): CodeIgniter\Autoloader\Autoloader->loadInNamespace('App\\Controllers\\lapor')
 3 [internal function]: CodeIgniter\Autoloader\Autoloader->loadClass('App\\Controllers\\lapor')
 4 [internal function]: spl_autoload_call('App\\Controllers\\lapor')
 5 SYSTEMPATH\CodeIgniter.php(877): class_exists('\\App\\Controllers\\lapor', true)
 6 SYSTEMPATH\CodeIgniter.php(469): CodeIgniter\CodeIgniter->startController()
 7 SYSTEMPATH\CodeIgniter.php(351): CodeIgniter\CodeIgniter->handleRequest(null, Object(Config\Cache), false)
 8 FCPATH\index.php(67): CodeIgniter\CodeIgniter->run()
 9 SYSTEMPATH\Commands\Server\rewrite.php(46): require_once('FCPATH\\index.php')
CRITICAL - 2022-11-26 07:06:31 --> Invalid file: .php
in SYSTEMPATH\Exceptions\FrameworkException.php on line 33.
 1 SYSTEMPATH\View\View.php(201): CodeIgniter\Exceptions\FrameworkException::forInvalidFile('.php')
 2 SYSTEMPATH\View\View.php(229): CodeIgniter\View\View->render('ROOTPATH\\public', [], true)
 3 SYSTEMPATH\Common.php(1134): CodeIgniter\View\View->render('pengaduan', [], true)
 4 APPPATH\Controllers\Page.php(17): view('pengaduan')
 5 SYSTEMPATH\CodeIgniter.php(927): App\Controllers\Page->pengaduan()
 6 SYSTEMPATH\CodeIgniter.php(482): CodeIgniter\CodeIgniter->runController(Object(App\Controllers\Page))
 7 SYSTEMPATH\CodeIgniter.php(351): CodeIgniter\CodeIgniter->handleRequest(null, Object(Config\Cache), false)
 8 FCPATH\index.php(67): CodeIgniter\CodeIgniter->run()
 9 SYSTEMPATH\Commands\Server\rewrite.php(46): require_once('FCPATH\\index.php')
CRITICAL - 2022-11-26 07:06:50 --> Invalid file: admin.php
in SYSTEMPATH\Exceptions\FrameworkException.php on line 33.
 1 SYSTEMPATH\View\View.php(201): CodeIgniter\Exceptions\FrameworkException::forInvalidFile('admin.php')
 2 SYSTEMPATH\View\View.php(229): CodeIgniter\View\View->render('admin', [], true)
 3 SYSTEMPATH\Common.php(1134): CodeIgniter\View\View->render('pengaduan', [], true)
 4 APPPATH\Controllers\Page.php(17): view('pengaduan')
 5 SYSTEMPATH\CodeIgniter.php(927): App\Controllers\Page->pengaduan()
 6 SYSTEMPATH\CodeIgniter.php(482): CodeIgniter\CodeIgniter->runController(Object(App\Controllers\Page))
 7 SYSTEMPATH\CodeIgniter.php(351): CodeIgniter\CodeIgniter->handleRequest(null, Object(Config\Cache), false)
 8 FCPATH\index.php(67): CodeIgniter\CodeIgniter->run()
 9 SYSTEMPATH\Commands\Server\rewrite.php(46): require_once('FCPATH\\index.php')
CRITICAL - 2022-11-26 07:07:01 --> Invalid file: admin/layout.php
in SYSTEMPATH\Exceptions\FrameworkException.php on line 33.
 1 SYSTEMPATH\View\View.php(201): CodeIgniter\Exceptions\FrameworkException::forInvalidFile('admin/layout.php')
 2 SYSTEMPATH\View\View.php(229): CodeIgniter\View\View->render('admin/layout', [], true)
 3 SYSTEMPATH\Common.php(1134): CodeIgniter\View\View->render('pengaduan', [], true)
 4 APPPATH\Controllers\Page.php(17): view('pengaduan')
 5 SYSTEMPATH\CodeIgniter.php(927): App\Controllers\Page->pengaduan()
 6 SYSTEMPATH\CodeIgniter.php(482): CodeIgniter\CodeIgniter->runController(Object(App\Controllers\Page))
 7 SYSTEMPATH\CodeIgniter.php(351): CodeIgniter\CodeIgniter->handleRequest(null, Object(Config\Cache), false)
 8 FCPATH\index.php(67): CodeIgniter\CodeIgniter->run()
 9 SYSTEMPATH\Commands\Server\rewrite.php(46): require_once('FCPATH\\index.php')
CRITICAL - 2022-11-26 10:56:57 --> Call to a member function getName() on null
in APPPATH\Controllers\pengaduan.php on line 40.
 1 SYSTEMPATH\CodeIgniter.php(927): App\Controllers\pengaduan->index()
 2 SYSTEMPATH\CodeIgniter.php(482): CodeIgniter\CodeIgniter->runController(Object(App\Controllers\pengaduan))
 3 SYSTEMPATH\CodeIgniter.php(351): CodeIgniter\CodeIgniter->handleRequest(null, Object(Config\Cache), false)
 4 FCPATH\index.php(67): CodeIgniter\CodeIgniter->run()
 5 SYSTEMPATH\Commands\Server\rewrite.php(46): require_once('FCPATH\\index.php')
CRITICAL - 2022-11-26 11:48:00 --> Invalid file: tambah.php
in SYSTEMPATH\Exceptions\FrameworkException.php on line 33.
 1 SYSTEMPATH\View\View.php(201): CodeIgniter\Exceptions\FrameworkException::forInvalidFile('tambah.php')
 2 SYSTEMPATH\Common.php(1134): CodeIgniter\View\View->render('tambah', [], true)
 3 APPPATH\Controllers\lapor.php(106): view('tambah')
 4 SYSTEMPATH\CodeIgniter.php(927): App\Controllers\lapor->tambah()
 5 SYSTEMPATH\CodeIgniter.php(482): CodeIgniter\CodeIgniter->runController(Object(App\Controllers\lapor))
 6 SYSTEMPATH\CodeIgniter.php(351): CodeIgniter\CodeIgniter->handleRequest(null, Object(Config\Cache), false)
 7 FCPATH\index.php(67): CodeIgniter\CodeIgniter->run()
 8 SYSTEMPATH\Commands\Server\rewrite.php(46): require_once('FCPATH\\index.php')
CRITICAL - 2022-11-26 12:03:50 --> Call to a member function getName() on null
in APPPATH\Controllers\lapor.php on line 226.
 1 SYSTEMPATH\CodeIgniter.php(927): App\Controllers\lapor->pengaduan()
 2 SYSTEMPATH\CodeIgniter.php(482): CodeIgniter\CodeIgniter->runController(Object(App\Controllers\lapor))
 3 SYSTEMPATH\CodeIgniter.php(351): CodeIgniter\CodeIgniter->handleRequest(null, Object(Config\Cache), false)
 4 FCPATH\index.php(67): CodeIgniter\CodeIgniter->run()
 5 SYSTEMPATH\Commands\Server\rewrite.php(46): require_once('FCPATH\\index.php')
CRITICAL - 2022-11-26 12:04:55 --> Call to a member function getName() on null
in APPPATH\Controllers\lapor.php on line 226.
 1 SYSTEMPATH\CodeIgniter.php(927): App\Controllers\lapor->pengaduan()
 2 SYSTEMPATH\CodeIgniter.php(482): CodeIgniter\CodeIgniter->runController(Object(App\Controllers\lapor))
 3 SYSTEMPATH\CodeIgniter.php(351): CodeIgniter\CodeIgniter->handleRequest(null, Object(Config\Cache), false)
 4 FCPATH\index.php(67): CodeIgniter\CodeIgniter->run()
 5 SYSTEMPATH\Commands\Server\rewrite.php(46): require_once('FCPATH\\index.php')
CRITICAL - 2022-11-26 12:05:27 --> Call to a member function getName() on null
in APPPATH\Controllers\lapor.php on line 226.
 1 SYSTEMPATH\CodeIgniter.php(927): App\Controllers\lapor->pengaduan()
 2 SYSTEMPATH\CodeIgniter.php(482): CodeIgniter\CodeIgniter->runController(Object(App\Controllers\lapor))
 3 SYSTEMPATH\CodeIgniter.php(351): CodeIgniter\CodeIgniter->handleRequest(null, Object(Config\Cache), false)
 4 FCPATH\index.php(67): CodeIgniter\CodeIgniter->run()
 5 SYSTEMPATH\Commands\Server\rewrite.php(46): require_once('FCPATH\\index.php')
CRITICAL - 2022-11-26 12:27:25 --> Call to a member function getName() on null
in APPPATH\Controllers\lapor.php on line 226.
 1 SYSTEMPATH\CodeIgniter.php(927): App\Controllers\lapor->pengaduan()
 2 SYSTEMPATH\CodeIgniter.php(482): CodeIgniter\CodeIgniter->runController(Object(App\Controllers\lapor))
 3 SYSTEMPATH\CodeIgniter.php(351): CodeIgniter\CodeIgniter->handleRequest(null, Object(Config\Cache), false)
 4 FCPATH\index.php(67): CodeIgniter\CodeIgniter->run()
 5 SYSTEMPATH\Commands\Server\rewrite.php(46): require_once('FCPATH\\index.php')
CRITICAL - 2022-11-26 12:55:26 --> Call to a member function has() on null
in APPPATH\Controllers\pengaduan.php on line 19.
 1 SYSTEMPATH\CodeIgniter.php(927): App\Controllers\pengaduan->index()
 2 SYSTEMPATH\CodeIgniter.php(482): CodeIgniter\CodeIgniter->runController(Object(App\Controllers\pengaduan))
 3 SYSTEMPATH\CodeIgniter.php(351): CodeIgniter\CodeIgniter->handleRequest(null, Object(Config\Cache), false)
 4 FCPATH\index.php(67): CodeIgniter\CodeIgniter->run()
 5 SYSTEMPATH\Commands\Server\rewrite.php(46): require_once('FCPATH\\index.php')
CRITICAL - 2022-11-26 12:57:42 --> Invalid argument supplied for foreach()
in APPPATH\Views\pengaduan\index.php on line 57.
 1 APPPATH\Views\pengaduan\index.php(57): CodeIgniter\Debug\Exceptions->errorHandler(2, 'Invalid argument supplied for foreach()', 'APPPATH\\Views\\pengaduan\\index.php', 57, [...])
 2 SYSTEMPATH\View\View.php(213): include('APPPATH\\Views\\pengaduan\\index.php')
 3 SYSTEMPATH\View\View.php(216): CodeIgniter\View\View->CodeIgniter\View\{closure}()
 4 SYSTEMPATH\Common.php(1134): CodeIgniter\View\View->render('pengaduan/index', [], true)
 5 APPPATH\Controllers\pengaduan.php(18): view('pengaduan/index')
 6 SYSTEMPATH\CodeIgniter.php(927): App\Controllers\pengaduan->index()
 7 SYSTEMPATH\CodeIgniter.php(482): CodeIgniter\CodeIgniter->runController(Object(App\Controllers\pengaduan))
 8 SYSTEMPATH\CodeIgniter.php(351): CodeIgniter\CodeIgniter->handleRequest(null, Object(Config\Cache), false)
 9 FCPATH\index.php(67): CodeIgniter\CodeIgniter->run()
10 SYSTEMPATH\Commands\Server\rewrite.php(46): require_once('FCPATH\\index.php')
CRITICAL - 2022-11-26 12:58:00 --> Invalid argument supplied for foreach()
in APPPATH\Views\pengaduan\index.php on line 57.
 1 APPPATH\Views\pengaduan\index.php(57): CodeIgniter\Debug\Exceptions->errorHandler(2, 'Invalid argument supplied for foreach()', 'APPPATH\\Views\\pengaduan\\index.php', 57, [...])
 2 SYSTEMPATH\View\View.php(213): include('APPPATH\\Views\\pengaduan\\index.php')
 3 SYSTEMPATH\View\View.php(216): CodeIgniter\View\View->CodeIgniter\View\{closure}()
 4 SYSTEMPATH\Common.php(1134): CodeIgniter\View\View->render('pengaduan/index', [], true)
 5 APPPATH\Controllers\pengaduan.php(18): view('pengaduan/index')
 6 SYSTEMPATH\CodeIgniter.php(927): App\Controllers\pengaduan->index()
 7 SYSTEMPATH\CodeIgniter.php(482): CodeIgniter\CodeIgniter->runController(Object(App\Controllers\pengaduan))
 8 SYSTEMPATH\CodeIgniter.php(351): CodeIgniter\CodeIgniter->handleRequest(null, Object(Config\Cache), false)
 9 FCPATH\index.php(67): CodeIgniter\CodeIgniter->run()
10 SYSTEMPATH\Commands\Server\rewrite.php(46): require_once('FCPATH\\index.php')
CRITICAL - 2022-11-26 12:58:07 --> Invalid argument supplied for foreach()
in APPPATH\Views\pengaduan\index.php on line 57.
 1 APPPATH\Views\pengaduan\index.php(57): CodeIgniter\Debug\Exceptions->errorHandler(2, 'Invalid argument supplied for foreach()', 'APPPATH\\Views\\pengaduan\\index.php', 57, [...])
 2 SYSTEMPATH\View\View.php(213): include('APPPATH\\Views\\pengaduan\\index.php')
 3 SYSTEMPATH\View\View.php(216): CodeIgniter\View\View->CodeIgniter\View\{closure}()
 4 SYSTEMPATH\Common.php(1134): CodeIgniter\View\View->render('pengaduan/index', [], true)
 5 APPPATH\Controllers\pengaduan.php(18): view('pengaduan/index')
 6 SYSTEMPATH\CodeIgniter.php(927): App\Controllers\pengaduan->index()
 7 SYSTEMPATH\CodeIgniter.php(482): CodeIgniter\CodeIgniter->runController(Object(App\Controllers\pengaduan))
 8 SYSTEMPATH\CodeIgniter.php(351): CodeIgniter\CodeIgniter->handleRequest(null, Object(Config\Cache), false)
 9 FCPATH\index.php(67): CodeIgniter\CodeIgniter->run()
10 SYSTEMPATH\Commands\Server\rewrite.php(46): require_once('FCPATH\\index.php')
CRITICAL - 2022-11-26 12:58:14 --> Invalid argument supplied for foreach()
in APPPATH\Views\pengaduan\index.php on line 57.
 1 APPPATH\Views\pengaduan\index.php(57): CodeIgniter\Debug\Exceptions->errorHandler(2, 'Invalid argument supplied for foreach()', 'APPPATH\\Views\\pengaduan\\index.php', 57, [...])
 2 SYSTEMPATH\View\View.php(213): include('APPPATH\\Views\\pengaduan\\index.php')
 3 SYSTEMPATH\View\View.php(216): CodeIgniter\View\View->CodeIgniter\View\{closure}()
 4 SYSTEMPATH\Common.php(1134): CodeIgniter\View\View->render('pengaduan/index', [], true)
 5 APPPATH\Controllers\pengaduan.php(18): view('pengaduan/index')
 6 SYSTEMPATH\CodeIgniter.php(927): App\Controllers\pengaduan->index()
 7 SYSTEMPATH\CodeIgniter.php(482): CodeIgniter\CodeIgniter->runController(Object(App\Controllers\pengaduan))
 8 SYSTEMPATH\CodeIgniter.php(351): CodeIgniter\CodeIgniter->handleRequest(null, Object(Config\Cache), false)
 9 FCPATH\index.php(67): CodeIgniter\CodeIgniter->run()
10 SYSTEMPATH\Commands\Server\rewrite.php(46): require_once('FCPATH\\index.php')
CRITICAL - 2022-11-26 12:58:23 --> Invalid argument supplied for foreach()
in APPPATH\Views\pengaduan\index.php on line 57.
 1 APPPATH\Views\pengaduan\index.php(57): CodeIgniter\Debug\Exceptions->errorHandler(2, 'Invalid argument supplied for foreach()', 'APPPATH\\Views\\pengaduan\\index.php', 57, [...])
 2 SYSTEMPATH\View\View.php(213): include('APPPATH\\Views\\pengaduan\\index.php')
 3 SYSTEMPATH\View\View.php(216): CodeIgniter\View\View->CodeIgniter\View\{closure}()
 4 SYSTEMPATH\Common.php(1134): CodeIgniter\View\View->render('pengaduan/index', [], true)
 5 APPPATH\Controllers\pengaduan.php(18): view('pengaduan/index')
 6 SYSTEMPATH\CodeIgniter.php(927): App\Controllers\pengaduan->index()
 7 SYSTEMPATH\CodeIgniter.php(482): CodeIgniter\CodeIgniter->runController(Object(App\Controllers\pengaduan))
 8 SYSTEMPATH\CodeIgniter.php(351): CodeIgniter\CodeIgniter->handleRequest(null, Object(Config\Cache), false)
 9 FCPATH\index.php(67): CodeIgniter\CodeIgniter->run()
10 SYSTEMPATH\Commands\Server\rewrite.php(46): require_once('FCPATH\\index.php')
CRITICAL - 2022-11-26 13:12:35 --> Invalid file: page/pengaduan.php
in SYSTEMPATH\Exceptions\FrameworkException.php on line 33.
 1 SYSTEMPATH\View\View.php(201): CodeIgniter\Exceptions\FrameworkException::forInvalidFile('page/pengaduan.php')
 2 SYSTEMPATH\Common.php(1134): CodeIgniter\View\View->render('page/pengaduan', [], true)
 3 APPPATH\Controllers\lapor.php(275): view('page/pengaduan')
 4 SYSTEMPATH\CodeIgniter.php(927): App\Controllers\lapor->pengaduan()
 5 SYSTEMPATH\CodeIgniter.php(482): CodeIgniter\CodeIgniter->runController(Object(App\Controllers\lapor))
 6 SYSTEMPATH\CodeIgniter.php(351): CodeIgniter\CodeIgniter->handleRequest(null, Object(Config\Cache), false)
 7 FCPATH\index.php(67): CodeIgniter\CodeIgniter->run()
 8 SYSTEMPATH\Commands\Server\rewrite.php(46): require_once('FCPATH\\index.php')
CRITICAL - 2022-11-26 13:12:44 --> Invalid file: page/pengaduan.php
in SYSTEMPATH\Exceptions\FrameworkException.php on line 33.
 1 SYSTEMPATH\View\View.php(201): CodeIgniter\Exceptions\FrameworkException::forInvalidFile('page/pengaduan.php')
 2 SYSTEMPATH\Common.php(1134): CodeIgniter\View\View->render('page/pengaduan', [], true)
 3 APPPATH\Controllers\lapor.php(275): view('page/pengaduan')
 4 SYSTEMPATH\CodeIgniter.php(927): App\Controllers\lapor->pengaduan()
 5 SYSTEMPATH\CodeIgniter.php(482): CodeIgniter\CodeIgniter->runController(Object(App\Controllers\lapor))
 6 SYSTEMPATH\CodeIgniter.php(351): CodeIgniter\CodeIgniter->handleRequest(null, Object(Config\Cache), false)
 7 FCPATH\index.php(67): CodeIgniter\CodeIgniter->run()
 8 SYSTEMPATH\Commands\Server\rewrite.php(46): require_once('FCPATH\\index.php')
CRITICAL - 2022-11-26 13:13:39 --> Invalid file: page/pengaduan.php
in SYSTEMPATH\Exceptions\FrameworkException.php on line 33.
 1 SYSTEMPATH\View\View.php(201): CodeIgniter\Exceptions\FrameworkException::forInvalidFile('page/pengaduan.php')
 2 SYSTEMPATH\Common.php(1134): CodeIgniter\View\View->render('page/pengaduan', [], true)
 3 APPPATH\Controllers\lapor.php(275): view('page/pengaduan')
 4 SYSTEMPATH\CodeIgniter.php(927): App\Controllers\lapor->pengaduan()
 5 SYSTEMPATH\CodeIgniter.php(482): CodeIgniter\CodeIgniter->runController(Object(App\Controllers\lapor))
 6 SYSTEMPATH\CodeIgniter.php(351): CodeIgniter\CodeIgniter->handleRequest(null, Object(Config\Cache), false)
 7 FCPATH\index.php(67): CodeIgniter\CodeIgniter->run()
 8 SYSTEMPATH\Commands\Server\rewrite.php(46): require_once('FCPATH\\index.php')
CRITICAL - 2022-11-26 13:13:41 --> Invalid file: page/pengaduan.php
in SYSTEMPATH\Exceptions\FrameworkException.php on line 33.
 1 SYSTEMPATH\View\View.php(201): CodeIgniter\Exceptions\FrameworkException::forInvalidFile('page/pengaduan.php')
 2 SYSTEMPATH\Common.php(1134): CodeIgniter\View\View->render('page/pengaduan', [], true)
 3 APPPATH\Controllers\lapor.php(275): view('page/pengaduan')
 4 SYSTEMPATH\CodeIgniter.php(927): App\Controllers\lapor->pengaduan()
 5 SYSTEMPATH\CodeIgniter.php(482): CodeIgniter\CodeIgniter->runController(Object(App\Controllers\lapor))
 6 SYSTEMPATH\CodeIgniter.php(351): CodeIgniter\CodeIgniter->handleRequest(null, Object(Config\Cache), false)
 7 FCPATH\index.php(67): CodeIgniter\CodeIgniter->run()
 8 SYSTEMPATH\Commands\Server\rewrite.php(46): require_once('FCPATH\\index.php')
CRITICAL - 2022-11-26 13:26:15 --> Invalid file: page/pengaduan.php
in SYSTEMPATH\Exceptions\FrameworkException.php on line 33.
 1 SYSTEMPATH\View\View.php(201): CodeIgniter\Exceptions\FrameworkException::forInvalidFile('page/pengaduan.php')
 2 SYSTEMPATH\Common.php(1134): CodeIgniter\View\View->render('page/pengaduan', [], true)
 3 APPPATH\Controllers\lapor.php(275): view('page/pengaduan')
 4 SYSTEMPATH\CodeIgniter.php(927): App\Controllers\lapor->pengaduan()
 5 SYSTEMPATH\CodeIgniter.php(482): CodeIgniter\CodeIgniter->runController(Object(App\Controllers\lapor))
 6 SYSTEMPATH\CodeIgniter.php(351): CodeIgniter\CodeIgniter->handleRequest(null, Object(Config\Cache), false)
 7 FCPATH\index.php(67): CodeIgniter\CodeIgniter->run()
 8 SYSTEMPATH\Commands\Server\rewrite.php(46): require_once('FCPATH\\index.php')
CRITICAL - 2022-11-26 13:26:27 --> Invalid file: page/pengaduan.php
in SYSTEMPATH\Exceptions\FrameworkException.php on line 33.
 1 SYSTEMPATH\View\View.php(201): CodeIgniter\Exceptions\FrameworkException::forInvalidFile('page/pengaduan.php')
 2 SYSTEMPATH\Common.php(1134): CodeIgniter\View\View->render('page/pengaduan', [], true)
 3 APPPATH\Controllers\lapor.php(275): view('page/pengaduan')
 4 SYSTEMPATH\CodeIgniter.php(927): App\Controllers\lapor->pengaduan()
 5 SYSTEMPATH\CodeIgniter.php(482): CodeIgniter\CodeIgniter->runController(Object(App\Controllers\lapor))
 6 SYSTEMPATH\CodeIgniter.php(351): CodeIgniter\CodeIgniter->handleRequest(null, Object(Config\Cache), false)
 7 FCPATH\index.php(67): CodeIgniter\CodeIgniter->run()
 8 SYSTEMPATH\Commands\Server\rewrite.php(46): require_once('FCPATH\\index.php')
CRITICAL - 2022-11-26 13:26:35 --> Invalid file: page/pengaduan.php
in SYSTEMPATH\Exceptions\FrameworkException.php on line 33.
 1 SYSTEMPATH\View\View.php(201): CodeIgniter\Exceptions\FrameworkException::forInvalidFile('page/pengaduan.php')
 2 SYSTEMPATH\Common.php(1134): CodeIgniter\View\View->render('page/pengaduan', [], true)
 3 APPPATH\Controllers\lapor.php(275): view('page/pengaduan')
 4 SYSTEMPATH\CodeIgniter.php(927): App\Controllers\lapor->pengaduan()
 5 SYSTEMPATH\CodeIgniter.php(482): CodeIgniter\CodeIgniter->runController(Object(App\Controllers\lapor))
 6 SYSTEMPATH\CodeIgniter.php(351): CodeIgniter\CodeIgniter->handleRequest(null, Object(Config\Cache), false)
 7 FCPATH\index.php(67): CodeIgniter\CodeIgniter->run()
 8 SYSTEMPATH\Commands\Server\rewrite.php(46): require_once('FCPATH\\index.php')
CRITICAL - 2022-11-26 13:26:38 --> Invalid file: page/pengaduan.php
in SYSTEMPATH\Exceptions\FrameworkException.php on line 33.
 1 SYSTEMPATH\View\View.php(201): CodeIgniter\Exceptions\FrameworkException::forInvalidFile('page/pengaduan.php')
 2 SYSTEMPATH\Common.php(1134): CodeIgniter\View\View->render('page/pengaduan', [], true)
 3 APPPATH\Controllers\lapor.php(275): view('page/pengaduan')
 4 SYSTEMPATH\CodeIgniter.php(927): App\Controllers\lapor->pengaduan()
 5 SYSTEMPATH\CodeIgniter.php(482): CodeIgniter\CodeIgniter->runController(Object(App\Controllers\lapor))
 6 SYSTEMPATH\CodeIgniter.php(351): CodeIgniter\CodeIgniter->handleRequest(null, Object(Config\Cache), false)
 7 FCPATH\index.php(67): CodeIgniter\CodeIgniter->run()
 8 SYSTEMPATH\Commands\Server\rewrite.php(46): require_once('FCPATH\\index.php')
CRITICAL - 2022-11-26 13:26:55 --> Invalid file: lapor
        /pengaduan.php
in SYSTEMPATH\Exceptions\FrameworkException.php on line 33.
 1 SYSTEMPATH\View\View.php(201): CodeIgniter\Exceptions\FrameworkException::forInvalidFile('lapor
        /pengaduan.php')
 2 SYSTEMPATH\Common.php(1134): CodeIgniter\View\View->render('lapor
        /pengaduan', [], true)
 3 APPPATH\Controllers\lapor.php(275): view('lapor
        /pengaduan')
 4 SYSTEMPATH\CodeIgniter.php(927): App\Controllers\lapor->pengaduan()
 5 SYSTEMPATH\CodeIgniter.php(482): CodeIgniter\CodeIgniter->runController(Object(App\Controllers\lapor))
 6 SYSTEMPATH\CodeIgniter.php(351): CodeIgniter\CodeIgniter->handleRequest(null, Object(Config\Cache), false)
 7 FCPATH\index.php(67): CodeIgniter\CodeIgniter->run()
 8 SYSTEMPATH\Commands\Server\rewrite.php(46): require_once('FCPATH\\index.php')
CRITICAL - 2022-11-26 13:35:49 --> Call to a member function has() on null
in APPPATH\Controllers\lapor.php on line 20.
 1 SYSTEMPATH\CodeIgniter.php(927): App\Controllers\lapor->index()
 2 SYSTEMPATH\CodeIgniter.php(482): CodeIgniter\CodeIgniter->runController(Object(App\Controllers\lapor))
 3 SYSTEMPATH\CodeIgniter.php(351): CodeIgniter\CodeIgniter->handleRequest(null, Object(Config\Cache), false)
 4 FCPATH\index.php(67): CodeIgniter\CodeIgniter->run()
 5 SYSTEMPATH\Commands\Server\rewrite.php(46): require_once('FCPATH\\index.php')
CRITICAL - 2022-11-26 13:39:18 --> Call to a member function has() on null
in APPPATH\Controllers\lapor.php on line 20.
 1 SYSTEMPATH\CodeIgniter.php(927): App\Controllers\lapor->index()
 2 SYSTEMPATH\CodeIgniter.php(482): CodeIgniter\CodeIgniter->runController(Object(App\Controllers\lapor))
 3 SYSTEMPATH\CodeIgniter.php(351): CodeIgniter\CodeIgniter->handleRequest(null, Object(Config\Cache), false)
 4 FCPATH\index.php(67): CodeIgniter\CodeIgniter->run()
 5 SYSTEMPATH\Commands\Server\rewrite.php(46): require_once('FCPATH\\index.php')
CRITICAL - 2022-11-26 13:39:30 --> Call to a member function has() on null
in APPPATH\Controllers\lapor.php on line 20.
 1 SYSTEMPATH\CodeIgniter.php(927): App\Controllers\lapor->index()
 2 SYSTEMPATH\CodeIgniter.php(482): CodeIgniter\CodeIgniter->runController(Object(App\Controllers\lapor))
 3 SYSTEMPATH\CodeIgniter.php(351): CodeIgniter\CodeIgniter->handleRequest(null, Object(Config\Cache), false)
 4 FCPATH\index.php(67): CodeIgniter\CodeIgniter->run()
 5 SYSTEMPATH\Commands\Server\rewrite.php(46): require_once('FCPATH\\index.php')
CRITICAL - 2022-11-26 13:39:42 --> Call to a member function has() on null
in APPPATH\Controllers\lapor.php on line 20.
 1 SYSTEMPATH\CodeIgniter.php(927): App\Controllers\lapor->index()
 2 SYSTEMPATH\CodeIgniter.php(482): CodeIgniter\CodeIgniter->runController(Object(App\Controllers\lapor))
 3 SYSTEMPATH\CodeIgniter.php(351): CodeIgniter\CodeIgniter->handleRequest(null, Object(Config\Cache), false)
 4 FCPATH\index.php(67): CodeIgniter\CodeIgniter->run()
 5 SYSTEMPATH\Commands\Server\rewrite.php(46): require_once('FCPATH\\index.php')
CRITICAL - 2022-11-26 13:40:07 --> Call to a member function has() on null
in APPPATH\Controllers\lapor.php on line 20.
 1 SYSTEMPATH\CodeIgniter.php(927): App\Controllers\lapor->index()
 2 SYSTEMPATH\CodeIgniter.php(482): CodeIgniter\CodeIgniter->runController(Object(App\Controllers\lapor))
 3 SYSTEMPATH\CodeIgniter.php(351): CodeIgniter\CodeIgniter->handleRequest(null, Object(Config\Cache), false)
 4 FCPATH\index.php(67): CodeIgniter\CodeIgniter->run()
 5 SYSTEMPATH\Commands\Server\rewrite.php(46): require_once('FCPATH\\index.php')
CRITICAL - 2022-11-26 13:40:41 --> Call to a member function has() on null
in APPPATH\Controllers\lapor.php on line 20.
 1 SYSTEMPATH\CodeIgniter.php(927): App\Controllers\lapor->index()
 2 SYSTEMPATH\CodeIgniter.php(482): CodeIgniter\CodeIgniter->runController(Object(App\Controllers\lapor))
 3 SYSTEMPATH\CodeIgniter.php(351): CodeIgniter\CodeIgniter->handleRequest(null, Object(Config\Cache), false)
 4 FCPATH\index.php(67): CodeIgniter\CodeIgniter->run()
 5 SYSTEMPATH\Commands\Server\rewrite.php(46): require_once('FCPATH\\index.php')
ERROR - 2022-11-26 13:45:40 --> mysqli_sql_exception: Unknown column 'id_lapor' in 'where clause' in C:\xampp\htdocs\apppengaduan\system\Database\MySQLi\Connection.php:292
Stack trace:
#0 C:\xampp\htdocs\apppengaduan\system\Database\MySQLi\Connection.php(292): mysqli->query('SELECT *\nFROM `...', 0)
#1 C:\xampp\htdocs\apppengaduan\system\Database\BaseConnection.php(666): CodeIgniter\Database\MySQLi\Connection->execute('SELECT *\nFROM `...')
#2 C:\xampp\htdocs\apppengaduan\system\Database\BaseConnection.php(593): CodeIgniter\Database\BaseConnection->simpleQuery('SELECT *\nFROM `...')
#3 C:\xampp\htdocs\apppengaduan\system\Database\BaseBuilder.php(1585): CodeIgniter\Database\BaseConnection->query('SELECT *\nFROM `...', Array, false)
#4 C:\xampp\htdocs\apppengaduan\system\Model.php(250): CodeIgniter\Database\BaseBuilder->get()
#5 C:\xampp\htdocs\apppengaduan\system\BaseModel.php(623): CodeIgniter\Model->doFirst()
#6 C:\xampp\htdocs\apppengaduan\app\Controllers\lapor.php(205): CodeIgniter\BaseModel->first()
#7 C:\xampp\htdocs\apppengaduan\system\CodeIgniter.php(927): App\Controllers\lapor->detail('9')
#8 C:\xampp\htdocs\apppengaduan\system\CodeIgniter.php(482): CodeIgniter\CodeIgniter->runController(Object(App\Controllers\lapor))
#9 C:\xampp\htdocs\apppengaduan\system\CodeIgniter.php(351): CodeIgniter\CodeIgniter->handleRequest(NULL, Object(Config\Cache), false)
#10 C:\xampp\htdocs\apppengaduan\public\index.php(67): CodeIgniter\CodeIgniter->run()
#11 C:\xampp\htdocs\apppengaduan\system\Commands\Server\rewrite.php(46): require_once('C:\\xampp\\htdocs...')
#12 {main}
CRITICAL - 2022-11-26 13:45:40 --> Call to a member function getFirstRow() on bool
in SYSTEMPATH\Model.php on line 250.
 1 SYSTEMPATH\BaseModel.php(623): CodeIgniter\Model->doFirst()
 2 APPPATH\Controllers\lapor.php(205): CodeIgniter\BaseModel->first()
 3 SYSTEMPATH\CodeIgniter.php(927): App\Controllers\lapor->detail('9')
 4 SYSTEMPATH\CodeIgniter.php(482): CodeIgniter\CodeIgniter->runController(Object(App\Controllers\lapor))
 5 SYSTEMPATH\CodeIgniter.php(351): CodeIgniter\CodeIgniter->handleRequest(null, Object(Config\Cache), false)
 6 FCPATH\index.php(67): CodeIgniter\CodeIgniter->run()
 7 SYSTEMPATH\Commands\Server\rewrite.php(46): require_once('FCPATH\\index.php')
ERROR - 2022-11-26 19:43:14 --> mysqli_sql_exception: Unknown column 'id_lapor' in 'where clause' in C:\xampp\htdocs\apppengaduan\system\Database\MySQLi\Connection.php:292
Stack trace:
#0 C:\xampp\htdocs\apppengaduan\system\Database\MySQLi\Connection.php(292): mysqli->query('SELECT *\nFROM `...', 0)
#1 C:\xampp\htdocs\apppengaduan\system\Database\BaseConnection.php(666): CodeIgniter\Database\MySQLi\Connection->execute('SELECT *\nFROM `...')
#2 C:\xampp\htdocs\apppengaduan\system\Database\BaseConnection.php(593): CodeIgniter\Database\BaseConnection->simpleQuery('SELECT *\nFROM `...')
#3 C:\xampp\htdocs\apppengaduan\system\Database\BaseBuilder.php(1585): CodeIgniter\Database\BaseConnection->query('SELECT *\nFROM `...', Array, false)
#4 C:\xampp\htdocs\apppengaduan\system\Model.php(250): CodeIgniter\Database\BaseBuilder->get()
#5 C:\xampp\htdocs\apppengaduan\system\BaseModel.php(623): CodeIgniter\Model->doFirst()
#6 C:\xampp\htdocs\apppengaduan\app\Controllers\lapor.php(205): CodeIgniter\BaseModel->first()
#7 C:\xampp\htdocs\apppengaduan\system\CodeIgniter.php(927): App\Controllers\lapor->detail('9')
#8 C:\xampp\htdocs\apppengaduan\system\CodeIgniter.php(482): CodeIgniter\CodeIgniter->runController(Object(App\Controllers\lapor))
#9 C:\xampp\htdocs\apppengaduan\system\CodeIgniter.php(351): CodeIgniter\CodeIgniter->handleRequest(NULL, Object(Config\Cache), false)
#10 C:\xampp\htdocs\apppengaduan\public\index.php(67): CodeIgniter\CodeIgniter->run()
#11 C:\xampp\htdocs\apppengaduan\system\Commands\Server\rewrite.php(46): require_once('C:\\xampp\\htdocs...')
#12 {main}
CRITICAL - 2022-11-26 19:43:14 --> Call to a member function getFirstRow() on bool
in SYSTEMPATH\Model.php on line 250.
 1 SYSTEMPATH\BaseModel.php(623): CodeIgniter\Model->doFirst()
 2 APPPATH\Controllers\lapor.php(205): CodeIgniter\BaseModel->first()
 3 SYSTEMPATH\CodeIgniter.php(927): App\Controllers\lapor->detail('9')
 4 SYSTEMPATH\CodeIgniter.php(482): CodeIgniter\CodeIgniter->runController(Object(App\Controllers\lapor))
 5 SYSTEMPATH\CodeIgniter.php(351): CodeIgniter\CodeIgniter->handleRequest(null, Object(Config\Cache), false)
 6 FCPATH\index.php(67): CodeIgniter\CodeIgniter->run()
 7 SYSTEMPATH\Commands\Server\rewrite.php(46): require_once('FCPATH\\index.php')
ERROR - 2022-11-26 19:45:15 --> mysqli_sql_exception: Unknown column 'id_lapor' in 'where clause' in C:\xampp\htdocs\apppengaduan\system\Database\MySQLi\Connection.php:292
Stack trace:
#0 C:\xampp\htdocs\apppengaduan\system\Database\MySQLi\Connection.php(292): mysqli->query('SELECT *\nFROM `...', 0)
#1 C:\xampp\htdocs\apppengaduan\system\Database\BaseConnection.php(666): CodeIgniter\Database\MySQLi\Connection->execute('SELECT *\nFROM `...')
#2 C:\xampp\htdocs\apppengaduan\system\Database\BaseConnection.php(593): CodeIgniter\Database\BaseConnection->simpleQuery('SELECT *\nFROM `...')
#3 C:\xampp\htdocs\apppengaduan\system\Database\BaseBuilder.php(1585): CodeIgniter\Database\BaseConnection->query('SELECT *\nFROM `...', Array, false)
#4 C:\xampp\htdocs\apppengaduan\system\Model.php(250): CodeIgniter\Database\BaseBuilder->get()
#5 C:\xampp\htdocs\apppengaduan\system\BaseModel.php(623): CodeIgniter\Model->doFirst()
#6 C:\xampp\htdocs\apppengaduan\app\Controllers\lapor.php(110): CodeIgniter\BaseModel->first()
#7 C:\xampp\htdocs\apppengaduan\system\CodeIgniter.php(927): App\Controllers\lapor->detail('9')
#8 C:\xampp\htdocs\apppengaduan\system\CodeIgniter.php(482): CodeIgniter\CodeIgniter->runController(Object(App\Controllers\lapor))
#9 C:\xampp\htdocs\apppengaduan\system\CodeIgniter.php(351): CodeIgniter\CodeIgniter->handleRequest(NULL, Object(Config\Cache), false)
#10 C:\xampp\htdocs\apppengaduan\public\index.php(67): CodeIgniter\CodeIgniter->run()
#11 C:\xampp\htdocs\apppengaduan\system\Commands\Server\rewrite.php(46): require_once('C:\\xampp\\htdocs...')
#12 {main}
CRITICAL - 2022-11-26 19:45:15 --> Call to a member function getFirstRow() on bool
in SYSTEMPATH\Model.php on line 250.
 1 SYSTEMPATH\BaseModel.php(623): CodeIgniter\Model->doFirst()
 2 APPPATH\Controllers\lapor.php(110): CodeIgniter\BaseModel->first()
 3 SYSTEMPATH\CodeIgniter.php(927): App\Controllers\lapor->detail('9')
 4 SYSTEMPATH\CodeIgniter.php(482): CodeIgniter\CodeIgniter->runController(Object(App\Controllers\lapor))
 5 SYSTEMPATH\CodeIgniter.php(351): CodeIgniter\CodeIgniter->handleRequest(null, Object(Config\Cache), false)
 6 FCPATH\index.php(67): CodeIgniter\CodeIgniter->run()
 7 SYSTEMPATH\Commands\Server\rewrite.php(46): require_once('FCPATH\\index.php')
CRITICAL - 2022-11-26 19:58:32 --> Invalid file: lapor/pengaduan.php
in SYSTEMPATH\Exceptions\FrameworkException.php on line 33.
 1 SYSTEMPATH\View\View.php(201): CodeIgniter\Exceptions\FrameworkException::forInvalidFile('lapor/pengaduan.php')
 2 SYSTEMPATH\Common.php(1134): CodeIgniter\View\View->render('lapor/pengaduan', [], true)
 3 APPPATH\Controllers\lapor.php(277): view('lapor/pengaduan')
 4 SYSTEMPATH\CodeIgniter.php(927): App\Controllers\lapor->pengaduan()
 5 SYSTEMPATH\CodeIgniter.php(482): CodeIgniter\CodeIgniter->runController(Object(App\Controllers\lapor))
 6 SYSTEMPATH\CodeIgniter.php(351): CodeIgniter\CodeIgniter->handleRequest(null, Object(Config\Cache), false)
 7 FCPATH\index.php(67): CodeIgniter\CodeIgniter->run()
 8 SYSTEMPATH\Commands\Server\rewrite.php(46): require_once('FCPATH\\index.php')
CRITICAL - 2022-11-26 19:58:32 --> Invalid file: lapor/pengaduan.php
in SYSTEMPATH\Exceptions\FrameworkException.php on line 33.
 1 SYSTEMPATH\View\View.php(201): CodeIgniter\Exceptions\FrameworkException::forInvalidFile('lapor/pengaduan.php')
 2 SYSTEMPATH\Common.php(1134): CodeIgniter\View\View->render('lapor/pengaduan', [], true)
 3 APPPATH\Controllers\lapor.php(277): view('lapor/pengaduan')
 4 SYSTEMPATH\CodeIgniter.php(927): App\Controllers\lapor->pengaduan()
 5 SYSTEMPATH\CodeIgniter.php(482): CodeIgniter\CodeIgniter->runController(Object(App\Controllers\lapor))
 6 SYSTEMPATH\CodeIgniter.php(351): CodeIgniter\CodeIgniter->handleRequest(null, Object(Config\Cache), false)
 7 FCPATH\index.php(67): CodeIgniter\CodeIgniter->run()
 8 SYSTEMPATH\Commands\Server\rewrite.php(46): require_once('FCPATH\\index.php')
CRITICAL - 2022-11-26 20:11:05 --> Call to a member function affectedRows() on null
in APPPATH\Controllers\Admin.php on line 155.
 1 SYSTEMPATH\CodeIgniter.php(927): App\Controllers\Admin->pengaduan()
 2 SYSTEMPATH\CodeIgniter.php(482): CodeIgniter\CodeIgniter->runController(Object(App\Controllers\Admin))
 3 SYSTEMPATH\CodeIgniter.php(351): CodeIgniter\CodeIgniter->handleRequest(null, Object(Config\Cache), false)
 4 FCPATH\index.php(67): CodeIgniter\CodeIgniter->run()
 5 SYSTEMPATH\Commands\Server\rewrite.php(46): require_once('FCPATH\\index.php')
CRITICAL - 2022-11-26 20:13:10 --> Call to a member function affectedRows() on null
in APPPATH\Controllers\Admin.php on line 155.
 1 SYSTEMPATH\CodeIgniter.php(927): App\Controllers\Admin->pengaduan()
 2 SYSTEMPATH\CodeIgniter.php(482): CodeIgniter\CodeIgniter->runController(Object(App\Controllers\Admin))
 3 SYSTEMPATH\CodeIgniter.php(351): CodeIgniter\CodeIgniter->handleRequest(null, Object(Config\Cache), false)
 4 FCPATH\index.php(67): CodeIgniter\CodeIgniter->run()
 5 SYSTEMPATH\Commands\Server\rewrite.php(46): require_once('FCPATH\\index.php')
CRITICAL - 2022-11-26 20:13:34 --> Call to a member function affectedRows() on null
in APPPATH\Controllers\Admin.php on line 155.
 1 SYSTEMPATH\CodeIgniter.php(927): App\Controllers\Admin->pengaduan()
 2 SYSTEMPATH\CodeIgniter.php(482): CodeIgniter\CodeIgniter->runController(Object(App\Controllers\Admin))
 3 SYSTEMPATH\CodeIgniter.php(351): CodeIgniter\CodeIgniter->handleRequest(null, Object(Config\Cache), false)
 4 FCPATH\index.php(67): CodeIgniter\CodeIgniter->run()
 5 SYSTEMPATH\Commands\Server\rewrite.php(46): require_once('FCPATH\\index.php')
CRITICAL - 2022-11-26 20:13:39 --> Call to a member function affectedRows() on null
in APPPATH\Controllers\Admin.php on line 155.
 1 SYSTEMPATH\CodeIgniter.php(927): App\Controllers\Admin->pengaduan()
 2 SYSTEMPATH\CodeIgniter.php(482): CodeIgniter\CodeIgniter->runController(Object(App\Controllers\Admin))
 3 SYSTEMPATH\CodeIgniter.php(351): CodeIgniter\CodeIgniter->handleRequest(null, Object(Config\Cache), false)
 4 FCPATH\index.php(67): CodeIgniter\CodeIgniter->run()
 5 SYSTEMPATH\Commands\Server\rewrite.php(46): require_once('FCPATH\\index.php')
CRITICAL - 2022-11-26 20:15:18 --> Call to a member function affectedRows() on null
in APPPATH\Controllers\Admin.php on line 155.
 1 SYSTEMPATH\CodeIgniter.php(927): App\Controllers\Admin->pengaduan()
 2 SYSTEMPATH\CodeIgniter.php(482): CodeIgniter\CodeIgniter->runController(Object(App\Controllers\Admin))
 3 SYSTEMPATH\CodeIgniter.php(351): CodeIgniter\CodeIgniter->handleRequest(null, Object(Config\Cache), false)
 4 FCPATH\index.php(67): CodeIgniter\CodeIgniter->run()
 5 SYSTEMPATH\Commands\Server\rewrite.php(46): require_once('FCPATH\\index.php')
CRITICAL - 2022-11-26 20:22:27 --> Invalid file: lapor/pengaduan.php
in SYSTEMPATH\Exceptions\FrameworkException.php on line 33.
 1 SYSTEMPATH\View\View.php(201): CodeIgniter\Exceptions\FrameworkException::forInvalidFile('lapor/pengaduan.php')
 2 SYSTEMPATH\Common.php(1134): CodeIgniter\View\View->render('lapor/pengaduan', [], true)
 3 APPPATH\Controllers\lapor.php(277): view('lapor/pengaduan')
 4 SYSTEMPATH\CodeIgniter.php(927): App\Controllers\lapor->pengaduan()
 5 SYSTEMPATH\CodeIgniter.php(482): CodeIgniter\CodeIgniter->runController(Object(App\Controllers\lapor))
 6 SYSTEMPATH\CodeIgniter.php(351): CodeIgniter\CodeIgniter->handleRequest(null, Object(Config\Cache), false)
 7 FCPATH\index.php(67): CodeIgniter\CodeIgniter->run()
 8 SYSTEMPATH\Commands\Server\rewrite.php(46): require_once('FCPATH\\index.php')
CRITICAL - 2022-11-26 20:22:27 --> Invalid file: lapor/pengaduan.php
in SYSTEMPATH\Exceptions\FrameworkException.php on line 33.
 1 SYSTEMPATH\View\View.php(201): CodeIgniter\Exceptions\FrameworkException::forInvalidFile('lapor/pengaduan.php')
 2 SYSTEMPATH\Common.php(1134): CodeIgniter\View\View->render('lapor/pengaduan', [], true)
 3 APPPATH\Controllers\lapor.php(277): view('lapor/pengaduan')
 4 SYSTEMPATH\CodeIgniter.php(927): App\Controllers\lapor->pengaduan()
 5 SYSTEMPATH\CodeIgniter.php(482): CodeIgniter\CodeIgniter->runController(Object(App\Controllers\lapor))
 6 SYSTEMPATH\CodeIgniter.php(351): CodeIgniter\CodeIgniter->handleRequest(null, Object(Config\Cache), false)
 7 FCPATH\index.php(67): CodeIgniter\CodeIgniter->run()
 8 SYSTEMPATH\Commands\Server\rewrite.php(46): require_once('FCPATH\\index.php')
CRITICAL - 2022-11-26 20:22:41 --> Invalid file: lapor/pengaduan.php
in SYSTEMPATH\Exceptions\FrameworkException.php on line 33.
 1 SYSTEMPATH\View\View.php(201): CodeIgniter\Exceptions\FrameworkException::forInvalidFile('lapor/pengaduan.php')
 2 SYSTEMPATH\Common.php(1134): CodeIgniter\View\View->render('lapor/pengaduan', [], true)
 3 APPPATH\Controllers\lapor.php(277): view('lapor/pengaduan')
 4 SYSTEMPATH\CodeIgniter.php(927): App\Controllers\lapor->pengaduan()
 5 SYSTEMPATH\CodeIgniter.php(482): CodeIgniter\CodeIgniter->runController(Object(App\Controllers\lapor))
 6 SYSTEMPATH\CodeIgniter.php(351): CodeIgniter\CodeIgniter->handleRequest(null, Object(Config\Cache), false)
 7 FCPATH\index.php(67): CodeIgniter\CodeIgniter->run()
 8 SYSTEMPATH\Commands\Server\rewrite.php(46): require_once('FCPATH\\index.php')
CRITICAL - 2022-11-26 20:22:48 --> Invalid file: lapor/pengaduan.php
in SYSTEMPATH\Exceptions\FrameworkException.php on line 33.
 1 SYSTEMPATH\View\View.php(201): CodeIgniter\Exceptions\FrameworkException::forInvalidFile('lapor/pengaduan.php')
 2 SYSTEMPATH\Common.php(1134): CodeIgniter\View\View->render('lapor/pengaduan', [], true)
 3 APPPATH\Controllers\lapor.php(277): view('lapor/pengaduan')
 4 SYSTEMPATH\CodeIgniter.php(927): App\Controllers\lapor->pengaduan()
 5 SYSTEMPATH\CodeIgniter.php(482): CodeIgniter\CodeIgniter->runController(Object(App\Controllers\lapor))
 6 SYSTEMPATH\CodeIgniter.php(351): CodeIgniter\CodeIgniter->handleRequest(null, Object(Config\Cache), false)
 7 FCPATH\index.php(67): CodeIgniter\CodeIgniter->run()
 8 SYSTEMPATH\Commands\Server\rewrite.php(46): require_once('FCPATH\\index.php')
CRITICAL - 2022-11-26 20:26:09 --> Invalid file: pengaduan.php
in SYSTEMPATH\Exceptions\FrameworkException.php on line 33.
 1 SYSTEMPATH\View\View.php(201): CodeIgniter\Exceptions\FrameworkException::forInvalidFile('pengaduan.php')
 2 SYSTEMPATH\Common.php(1134): CodeIgniter\View\View->render('pengaduan', [], true)
 3 APPPATH\Controllers\Page.php(17): view('pengaduan')
 4 SYSTEMPATH\CodeIgniter.php(927): App\Controllers\Page->pengaduan()
 5 SYSTEMPATH\CodeIgniter.php(482): CodeIgniter\CodeIgniter->runController(Object(App\Controllers\Page))
 6 SYSTEMPATH\CodeIgniter.php(351): CodeIgniter\CodeIgniter->handleRequest(null, Object(Config\Cache), false)
 7 FCPATH\index.php(67): CodeIgniter\CodeIgniter->run()
 8 SYSTEMPATH\Commands\Server\rewrite.php(46): require_once('FCPATH\\index.php')
CRITICAL - 2022-11-26 20:27:29 --> Invalid file: pengaduan.php
in SYSTEMPATH\Exceptions\FrameworkException.php on line 33.
 1 SYSTEMPATH\View\View.php(201): CodeIgniter\Exceptions\FrameworkException::forInvalidFile('pengaduan.php')
 2 SYSTEMPATH\Common.php(1134): CodeIgniter\View\View->render('pengaduan', [], true)
 3 APPPATH\Controllers\Page.php(17): view('pengaduan')
 4 SYSTEMPATH\CodeIgniter.php(927): App\Controllers\Page->pengaduan()
 5 SYSTEMPATH\CodeIgniter.php(482): CodeIgniter\CodeIgniter->runController(Object(App\Controllers\Page))
 6 SYSTEMPATH\CodeIgniter.php(351): CodeIgniter\CodeIgniter->handleRequest(null, Object(Config\Cache), false)
 7 FCPATH\index.php(67): CodeIgniter\CodeIgniter->run()
 8 SYSTEMPATH\Commands\Server\rewrite.php(46): require_once('FCPATH\\index.php')
CRITICAL - 2022-11-26 20:27:40 --> Invalid file: lapor/pengaduan.php
in SYSTEMPATH\Exceptions\FrameworkException.php on line 33.
 1 SYSTEMPATH\View\View.php(201): CodeIgniter\Exceptions\FrameworkException::forInvalidFile('lapor/pengaduan.php')
 2 SYSTEMPATH\Common.php(1134): CodeIgniter\View\View->render('lapor/pengaduan', [], true)
 3 APPPATH\Controllers\lapor.php(277): view('lapor/pengaduan')
 4 SYSTEMPATH\CodeIgniter.php(927): App\Controllers\lapor->pengaduan()
 5 SYSTEMPATH\CodeIgniter.php(482): CodeIgniter\CodeIgniter->runController(Object(App\Controllers\lapor))
 6 SYSTEMPATH\CodeIgniter.php(351): CodeIgniter\CodeIgniter->handleRequest(null, Object(Config\Cache), false)
 7 FCPATH\index.php(67): CodeIgniter\CodeIgniter->run()
 8 SYSTEMPATH\Commands\Server\rewrite.php(46): require_once('FCPATH\\index.php')
