CRITICAL - 2023-07-21 00:00:11 --> Call to undefined method App\Models\M_hasil::getKaryawanWithDivisi
in SYSTEMPATH\Model.php on line 774.
 1 APPPATH\Controllers\topsis.php(332): CodeIgniter\Model->__call('getKaryawanWithDivisi', [...])
 2 SYSTEMPATH\CodeIgniter.php(927): App\Controllers\topsis->hasil_topsis()
 3 SYSTEMPATH\CodeIgniter.php(482): CodeIgniter\CodeIgniter->runController(Object(App\Controllers\topsis))
 4 SYSTEMPATH\CodeIgniter.php(351): CodeIgniter\CodeIgniter->handleRequest(null, Object(Config\Cache), false)
 5 FCPATH\index.php(67): CodeIgniter\CodeIgniter->run()
 6 SYSTEMPATH\Commands\Server\rewrite.php(46): require_once('FCPATH\\index.php')
CRITICAL - 2023-07-21 01:17:09 --> Call to undefined method CodeIgniter\Database\MySQLi\Connection::get_where()
in APPPATH\Models\M_hasil.php on line 49.
 1 APPPATH\Models\M_hasil.php(29): App\Models\M_hasil->getNamaDivisiById('22')
 2 APPPATH\Controllers\topsis.php(332): App\Models\M_hasil->getHasilByDivisi(22)
 3 SYSTEMPATH\CodeIgniter.php(927): App\Controllers\topsis->hasil_topsis()
 4 SYSTEMPATH\CodeIgniter.php(482): CodeIgniter\CodeIgniter->runController(Object(App\Controllers\topsis))
 5 SYSTEMPATH\CodeIgniter.php(351): CodeIgniter\CodeIgniter->handleRequest(null, Object(Config\Cache), false)
 6 FCPATH\index.php(67): CodeIgniter\CodeIgniter->run()
 7 SYSTEMPATH\Commands\Server\rewrite.php(46): require_once('FCPATH\\index.php')
CRITICAL - 2023-07-21 01:17:28 --> Call to undefined method CodeIgniter\Database\MySQLi\Connection::get_where()
in APPPATH\Models\M_hasil.php on line 49.
 1 APPPATH\Models\M_hasil.php(29): App\Models\M_hasil->getNamaDivisiById('22')
 2 APPPATH\Controllers\topsis.php(332): App\Models\M_hasil->getHasilByDivisi(22)
 3 SYSTEMPATH\CodeIgniter.php(927): App\Controllers\topsis->hasil_topsis()
 4 SYSTEMPATH\CodeIgniter.php(482): CodeIgniter\CodeIgniter->runController(Object(App\Controllers\topsis))
 5 SYSTEMPATH\CodeIgniter.php(351): CodeIgniter\CodeIgniter->handleRequest(null, Object(Config\Cache), false)
 6 FCPATH\index.php(67): CodeIgniter\CodeIgniter->run()
 7 SYSTEMPATH\Commands\Server\rewrite.php(46): require_once('FCPATH\\index.php')
CRITICAL - 2023-07-21 01:19:14 --> Call to undefined method CodeIgniter\Database\MySQLi\Connection::get_where()
in APPPATH\Models\M_hasil.php on line 49.
 1 APPPATH\Models\M_hasil.php(29): App\Models\M_hasil->getNamaDivisiById('22')
 2 APPPATH\Controllers\topsis.php(332): App\Models\M_hasil->getHasilByDivisi(22)
 3 SYSTEMPATH\CodeIgniter.php(927): App\Controllers\topsis->hasil_topsis()
 4 SYSTEMPATH\CodeIgniter.php(482): CodeIgniter\CodeIgniter->runController(Object(App\Controllers\topsis))
 5 SYSTEMPATH\CodeIgniter.php(351): CodeIgniter\CodeIgniter->handleRequest(null, Object(Config\Cache), false)
 6 FCPATH\index.php(67): CodeIgniter\CodeIgniter->run()
 7 SYSTEMPATH\Commands\Server\rewrite.php(46): require_once('FCPATH\\index.php')
CRITICAL - 2023-07-21 01:28:28 --> syntax error, unexpected 'public' (T_PUBLIC)
in APPPATH\Controllers\topsis.php on line 371.
 1 SYSTEMPATH\Router\Router.php(499): CodeIgniter\Router\AutoRouter->getRoute('topsis/hasil_topsis')
 2 SYSTEMPATH\Router\Router.php(205): CodeIgniter\Router\Router->autoRoute('topsis/hasil_topsis')
 3 SYSTEMPATH\CodeIgniter.php(802): CodeIgniter\Router\Router->handle('topsis/hasil_topsis')
 4 SYSTEMPATH\CodeIgniter.php(430): CodeIgniter\CodeIgniter->tryToRouteIt(Object(CodeIgniter\Router\RouteCollection))
 5 SYSTEMPATH\CodeIgniter.php(351): CodeIgniter\CodeIgniter->handleRequest(null, Object(Config\Cache), false)
 6 FCPATH\index.php(67): CodeIgniter\CodeIgniter->run()
 7 SYSTEMPATH\Commands\Server\rewrite.php(46): require_once('FCPATH\\index.php')
CRITICAL - 2023-07-21 02:02:09 --> usort() expects parameter 2 to be a valid callback, function 'sortBySkorPreferensiDesc' not found or invalid function name
in APPPATH\Controllers\topsis.php on line 357.
 1 [internal function]: CodeIgniter\Debug\Exceptions->errorHandler(2, 'usort() expects parameter 2 to be a valid callback, function \'sortBySkorPreferensiDesc\' not found or invalid function name', 'APPPATH\\Controllers\\topsis.php', 357, [...])
 2 APPPATH\Controllers\topsis.php(357): usort([...], 'sortBySkorPreferensiDesc')
 3 SYSTEMPATH\CodeIgniter.php(927): App\Controllers\topsis->hasil_topsis()
 4 SYSTEMPATH\CodeIgniter.php(482): CodeIgniter\CodeIgniter->runController(Object(App\Controllers\topsis))
 5 SYSTEMPATH\CodeIgniter.php(351): CodeIgniter\CodeIgniter->handleRequest(null, Object(Config\Cache), false)
 6 FCPATH\index.php(67): CodeIgniter\CodeIgniter->run()
 7 SYSTEMPATH\Commands\Server\rewrite.php(46): require_once('FCPATH\\index.php')
CRITICAL - 2023-07-21 02:04:29 --> usort() expects parameter 2 to be a valid callback, function 'sortBySkorPreferensiDesc' not found or invalid function name
in APPPATH\Controllers\topsis.php on line 357.
 1 [internal function]: CodeIgniter\Debug\Exceptions->errorHandler(2, 'usort() expects parameter 2 to be a valid callback, function \'sortBySkorPreferensiDesc\' not found or invalid function name', 'APPPATH\\Controllers\\topsis.php', 357, [...])
 2 APPPATH\Controllers\topsis.php(357): usort([...], 'sortBySkorPreferensiDesc')
 3 SYSTEMPATH\CodeIgniter.php(927): App\Controllers\topsis->hasil_topsis()
 4 SYSTEMPATH\CodeIgniter.php(482): CodeIgniter\CodeIgniter->runController(Object(App\Controllers\topsis))
 5 SYSTEMPATH\CodeIgniter.php(351): CodeIgniter\CodeIgniter->handleRequest(null, Object(Config\Cache), false)
 6 FCPATH\index.php(67): CodeIgniter\CodeIgniter->run()
 7 SYSTEMPATH\Commands\Server\rewrite.php(46): require_once('FCPATH\\index.php')
CRITICAL - 2023-07-21 02:05:47 --> usort() expects parameter 2 to be a valid callback, function 'sortBySkorPreferensiDesc' not found or invalid function name
in APPPATH\Controllers\topsis.php on line 357.
 1 [internal function]: CodeIgniter\Debug\Exceptions->errorHandler(2, 'usort() expects parameter 2 to be a valid callback, function \'sortBySkorPreferensiDesc\' not found or invalid function name', 'APPPATH\\Controllers\\topsis.php', 357, [...])
 2 APPPATH\Controllers\topsis.php(357): usort([...], 'sortBySkorPreferensiDesc')
 3 SYSTEMPATH\CodeIgniter.php(927): App\Controllers\topsis->hasil_topsis()
 4 SYSTEMPATH\CodeIgniter.php(482): CodeIgniter\CodeIgniter->runController(Object(App\Controllers\topsis))
 5 SYSTEMPATH\CodeIgniter.php(351): CodeIgniter\CodeIgniter->handleRequest(null, Object(Config\Cache), false)
 6 FCPATH\index.php(67): CodeIgniter\CodeIgniter->run()
 7 SYSTEMPATH\Commands\Server\rewrite.php(46): require_once('FCPATH\\index.php')
CRITICAL - 2023-07-21 02:09:27 --> usort() expects parameter 2 to be a valid callback, function 'sortBySkorPreferensiDesc' not found or invalid function name
in APPPATH\Controllers\topsis.php on line 348.
 1 [internal function]: CodeIgniter\Debug\Exceptions->errorHandler(2, 'usort() expects parameter 2 to be a valid callback, function \'sortBySkorPreferensiDesc\' not found or invalid function name', 'APPPATH\\Controllers\\topsis.php', 348, [...])
 2 APPPATH\Controllers\topsis.php(348): usort([...], 'sortBySkorPreferensiDesc')
 3 SYSTEMPATH\CodeIgniter.php(927): App\Controllers\topsis->hasil_topsis()
 4 SYSTEMPATH\CodeIgniter.php(482): CodeIgniter\CodeIgniter->runController(Object(App\Controllers\topsis))
 5 SYSTEMPATH\CodeIgniter.php(351): CodeIgniter\CodeIgniter->handleRequest(null, Object(Config\Cache), false)
 6 FCPATH\index.php(67): CodeIgniter\CodeIgniter->run()
 7 SYSTEMPATH\Commands\Server\rewrite.php(46): require_once('FCPATH\\index.php')
CRITICAL - 2023-07-21 02:09:49 --> syntax error, unexpected 'public' (T_PUBLIC)
in APPPATH\Controllers\topsis.php on line 362.
 1 SYSTEMPATH\Router\Router.php(499): CodeIgniter\Router\AutoRouter->getRoute('topsis/hasil_topsis')
 2 SYSTEMPATH\Router\Router.php(205): CodeIgniter\Router\Router->autoRoute('topsis/hasil_topsis')
 3 SYSTEMPATH\CodeIgniter.php(802): CodeIgniter\Router\Router->handle('topsis/hasil_topsis')
 4 SYSTEMPATH\CodeIgniter.php(430): CodeIgniter\CodeIgniter->tryToRouteIt(Object(CodeIgniter\Router\RouteCollection))
 5 SYSTEMPATH\CodeIgniter.php(351): CodeIgniter\CodeIgniter->handleRequest(null, Object(Config\Cache), false)
 6 FCPATH\index.php(67): CodeIgniter\CodeIgniter->run()
 7 SYSTEMPATH\Commands\Server\rewrite.php(46): require_once('FCPATH\\index.php')
