CRITICAL - 2023-06-14 20:58:13 --> Invalid argument supplied for foreach()
in APPPATH\Views\admin\dashboard.php on line 41.
 1 APPPATH\Views\admin\dashboard.php(41): CodeIgniter\Debug\Exceptions->errorHandler(2, 'Invalid argument supplied for foreach()', 'APPPATH\\Views\\admin\\dashboard.php', 41, [...])
 2 SYSTEMPATH\View\View.php(213): include('APPPATH\\Views\\admin\\dashboard.php')
 3 SYSTEMPATH\View\View.php(216): CodeIgniter\View\View->CodeIgniter\View\{closure}()
 4 SYSTEMPATH\Common.php(1134): CodeIgniter\View\View->render('admin/dashboard', [], true)
 5 APPPATH\Controllers\Admin.php(183): view('admin/dashboard')
 6 SYSTEMPATH\CodeIgniter.php(927): App\Controllers\Admin->topsis()
 7 SYSTEMPATH\CodeIgniter.php(482): CodeIgniter\CodeIgniter->runController(Object(App\Controllers\Admin))
 8 SYSTEMPATH\CodeIgniter.php(351): CodeIgniter\CodeIgniter->handleRequest(null, Object(Config\Cache), false)
 9 FCPATH\index.php(67): CodeIgniter\CodeIgniter->run()
10 SYSTEMPATH\Commands\Server\rewrite.php(46): require_once('FCPATH\\index.php')
CRITICAL - 2023-06-14 21:03:45 --> Invalid argument supplied for foreach()
in APPPATH\Views\admin\topsis.php on line 35.
 1 APPPATH\Views\admin\topsis.php(35): CodeIgniter\Debug\Exceptions->errorHandler(2, 'Invalid argument supplied for foreach()', 'APPPATH\\Views\\admin\\topsis.php', 35, [...])
 2 SYSTEMPATH\View\View.php(213): include('APPPATH\\Views\\admin\\topsis.php')
 3 SYSTEMPATH\View\View.php(216): CodeIgniter\View\View->CodeIgniter\View\{closure}()
 4 SYSTEMPATH\Common.php(1134): CodeIgniter\View\View->render('admin/topsis', [], true)
 5 APPPATH\Controllers\Admin.php(180): view('admin/topsis')
 6 SYSTEMPATH\CodeIgniter.php(927): App\Controllers\Admin->topsis()
 7 SYSTEMPATH\CodeIgniter.php(482): CodeIgniter\CodeIgniter->runController(Object(App\Controllers\Admin))
 8 SYSTEMPATH\CodeIgniter.php(351): CodeIgniter\CodeIgniter->handleRequest(null, Object(Config\Cache), false)
 9 FCPATH\index.php(67): CodeIgniter\CodeIgniter->run()
10 SYSTEMPATH\Commands\Server\rewrite.php(46): require_once('FCPATH\\index.php')
CRITICAL - 2023-06-14 21:03:48 --> Invalid argument supplied for foreach()
in APPPATH\Views\admin\topsis.php on line 35.
 1 APPPATH\Views\admin\topsis.php(35): CodeIgniter\Debug\Exceptions->errorHandler(2, 'Invalid argument supplied for foreach()', 'APPPATH\\Views\\admin\\topsis.php', 35, [...])
 2 SYSTEMPATH\View\View.php(213): include('APPPATH\\Views\\admin\\topsis.php')
 3 SYSTEMPATH\View\View.php(216): CodeIgniter\View\View->CodeIgniter\View\{closure}()
 4 SYSTEMPATH\Common.php(1134): CodeIgniter\View\View->render('admin/topsis', [], true)
 5 APPPATH\Controllers\Admin.php(180): view('admin/topsis')
 6 SYSTEMPATH\CodeIgniter.php(927): App\Controllers\Admin->topsis()
 7 SYSTEMPATH\CodeIgniter.php(482): CodeIgniter\CodeIgniter->runController(Object(App\Controllers\Admin))
 8 SYSTEMPATH\CodeIgniter.php(351): CodeIgniter\CodeIgniter->handleRequest(null, Object(Config\Cache), false)
 9 FCPATH\index.php(67): CodeIgniter\CodeIgniter->run()
10 SYSTEMPATH\Commands\Server\rewrite.php(46): require_once('FCPATH\\index.php')
CRITICAL - 2023-06-14 21:03:54 --> Invalid argument supplied for foreach()
in APPPATH\Views\admin\topsis.php on line 35.
 1 APPPATH\Views\admin\topsis.php(35): CodeIgniter\Debug\Exceptions->errorHandler(2, 'Invalid argument supplied for foreach()', 'APPPATH\\Views\\admin\\topsis.php', 35, [...])
 2 SYSTEMPATH\View\View.php(213): include('APPPATH\\Views\\admin\\topsis.php')
 3 SYSTEMPATH\View\View.php(216): CodeIgniter\View\View->CodeIgniter\View\{closure}()
 4 SYSTEMPATH\Common.php(1134): CodeIgniter\View\View->render('admin/topsis', [], true)
 5 APPPATH\Controllers\Admin.php(180): view('admin/topsis')
 6 SYSTEMPATH\CodeIgniter.php(927): App\Controllers\Admin->topsis()
 7 SYSTEMPATH\CodeIgniter.php(482): CodeIgniter\CodeIgniter->runController(Object(App\Controllers\Admin))
 8 SYSTEMPATH\CodeIgniter.php(351): CodeIgniter\CodeIgniter->handleRequest(null, Object(Config\Cache), false)
 9 FCPATH\index.php(67): CodeIgniter\CodeIgniter->run()
10 SYSTEMPATH\Commands\Server\rewrite.php(46): require_once('FCPATH\\index.php')
CRITICAL - 2023-06-14 21:04:09 --> Invalid argument supplied for foreach()
in APPPATH\Views\admin\topsis.php on line 35.
 1 APPPATH\Views\admin\topsis.php(35): CodeIgniter\Debug\Exceptions->errorHandler(2, 'Invalid argument supplied for foreach()', 'APPPATH\\Views\\admin\\topsis.php', 35, [...])
 2 SYSTEMPATH\View\View.php(213): include('APPPATH\\Views\\admin\\topsis.php')
 3 SYSTEMPATH\View\View.php(216): CodeIgniter\View\View->CodeIgniter\View\{closure}()
 4 SYSTEMPATH\Common.php(1134): CodeIgniter\View\View->render('admin/topsis', [], true)
 5 APPPATH\Controllers\Admin.php(180): view('admin/topsis')
 6 SYSTEMPATH\CodeIgniter.php(927): App\Controllers\Admin->topsis()
 7 SYSTEMPATH\CodeIgniter.php(482): CodeIgniter\CodeIgniter->runController(Object(App\Controllers\Admin))
 8 SYSTEMPATH\CodeIgniter.php(351): CodeIgniter\CodeIgniter->handleRequest(null, Object(Config\Cache), false)
 9 FCPATH\index.php(67): CodeIgniter\CodeIgniter->run()
10 SYSTEMPATH\Commands\Server\rewrite.php(46): require_once('FCPATH\\index.php')
CRITICAL - 2023-06-14 21:05:11 --> Invalid argument supplied for foreach()
in APPPATH\Views\admin\topsis.php on line 35.
 1 APPPATH\Views\admin\topsis.php(35): CodeIgniter\Debug\Exceptions->errorHandler(2, 'Invalid argument supplied for foreach()', 'APPPATH\\Views\\admin\\topsis.php', 35, [...])
 2 SYSTEMPATH\View\View.php(213): include('APPPATH\\Views\\admin\\topsis.php')
 3 SYSTEMPATH\View\View.php(216): CodeIgniter\View\View->CodeIgniter\View\{closure}()
 4 SYSTEMPATH\Common.php(1134): CodeIgniter\View\View->render('admin/topsis', [], true)
 5 APPPATH\Controllers\Admin.php(180): view('admin/topsis')
 6 SYSTEMPATH\CodeIgniter.php(927): App\Controllers\Admin->topsis()
 7 SYSTEMPATH\CodeIgniter.php(482): CodeIgniter\CodeIgniter->runController(Object(App\Controllers\Admin))
 8 SYSTEMPATH\CodeIgniter.php(351): CodeIgniter\CodeIgniter->handleRequest(null, Object(Config\Cache), false)
 9 FCPATH\index.php(67): CodeIgniter\CodeIgniter->run()
10 SYSTEMPATH\Commands\Server\rewrite.php(46): require_once('FCPATH\\index.php')
CRITICAL - 2023-06-14 22:30:22 --> Invalid file: page/pengaduan.php
in SYSTEMPATH\Exceptions\FrameworkException.php on line 33.
 1 SYSTEMPATH\View\View.php(201): CodeIgniter\Exceptions\FrameworkException::forInvalidFile('page/pengaduan.php')
 2 SYSTEMPATH\Common.php(1134): CodeIgniter\View\View->render('page/pengaduan', [], true)
 3 APPPATH\Controllers\Page.php(89): view('page/pengaduan')
 4 SYSTEMPATH\CodeIgniter.php(927): App\Controllers\Page->pengaduan()
 5 SYSTEMPATH\CodeIgniter.php(482): CodeIgniter\CodeIgniter->runController(Object(App\Controllers\Page))
 6 SYSTEMPATH\CodeIgniter.php(351): CodeIgniter\CodeIgniter->handleRequest(null, Object(Config\Cache), false)
 7 FCPATH\index.php(67): CodeIgniter\CodeIgniter->run()
 8 SYSTEMPATH\Commands\Server\rewrite.php(46): require_once('FCPATH\\index.php')
