CRITICAL - 2023-07-12 01:24:53 --> Call to undefined method CodeIgniter\Database\MySQLi\Connection::get()
in APPPATH\Controllers\topsis.php on line 45.
 1 SYSTEMPATH\CodeIgniter.php(927): App\Controllers\topsis->proses()
 2 SYSTEMPATH\CodeIgniter.php(482): CodeIgniter\CodeIgniter->runController(Object(App\Controllers\topsis))
 3 SYSTEMPATH\CodeIgniter.php(351): CodeIgniter\CodeIgniter->handleRequest(null, Object(Config\Cache), false)
 4 FCPATH\index.php(67): CodeIgniter\CodeIgniter->run()
 5 SYSTEMPATH\Commands\Server\rewrite.php(46): require_once('FCPATH\\index.php')
CRITICAL - 2023-07-12 01:26:04 --> Invalid file: topsis_view.php
in SYSTEMPATH\Exceptions\FrameworkException.php on line 33.
 1 SYSTEMPATH\View\View.php(201): CodeIgniter\Exceptions\FrameworkException::forInvalidFile('topsis_view.php')
 2 SYSTEMPATH\Common.php(1134): CodeIgniter\View\View->render('topsis_view', [], true)
 3 APPPATH\Controllers\topsis.php(86): view('topsis_view', [...])
 4 SYSTEMPATH\CodeIgniter.php(927): App\Controllers\topsis->proses()
 5 SYSTEMPATH\CodeIgniter.php(482): CodeIgniter\CodeIgniter->runController(Object(App\Controllers\topsis))
 6 SYSTEMPATH\CodeIgniter.php(351): CodeIgniter\CodeIgniter->handleRequest(null, Object(Config\Cache), false)
 7 FCPATH\index.php(67): CodeIgniter\CodeIgniter->run()
 8 SYSTEMPATH\Commands\Server\rewrite.php(46): require_once('FCPATH\\index.php')
CRITICAL - 2023-07-12 01:27:29 --> Invalid argument supplied for foreach()
in APPPATH\Views\topsis\hasil_topsis.php on line 30.
 1 APPPATH\Views\topsis\hasil_topsis.php(30): CodeIgniter\Debug\Exceptions->errorHandler(2, 'Invalid argument supplied for foreach()', 'APPPATH\\Views\\topsis\\hasil_topsis.php', 30, [...])
 2 SYSTEMPATH\View\View.php(213): include('APPPATH\\Views\\topsis\\hasil_topsis.php')
 3 SYSTEMPATH\View\View.php(216): CodeIgniter\View\View->CodeIgniter\View\{closure}()
 4 SYSTEMPATH\Common.php(1134): CodeIgniter\View\View->render('topsis/hasil_topsis', [], true)
 5 APPPATH\Controllers\topsis.php(86): view('topsis/hasil_topsis', [...])
 6 SYSTEMPATH\CodeIgniter.php(927): App\Controllers\topsis->proses()
 7 SYSTEMPATH\CodeIgniter.php(482): CodeIgniter\CodeIgniter->runController(Object(App\Controllers\topsis))
 8 SYSTEMPATH\CodeIgniter.php(351): CodeIgniter\CodeIgniter->handleRequest(null, Object(Config\Cache), false)
 9 FCPATH\index.php(67): CodeIgniter\CodeIgniter->run()
10 SYSTEMPATH\Commands\Server\rewrite.php(46): require_once('FCPATH\\index.php')
CRITICAL - 2023-07-12 01:28:09 --> Invalid argument supplied for foreach()
in APPPATH\Views\topsis\hasil_topsis.php on line 30.
 1 APPPATH\Views\topsis\hasil_topsis.php(30): CodeIgniter\Debug\Exceptions->errorHandler(2, 'Invalid argument supplied for foreach()', 'APPPATH\\Views\\topsis\\hasil_topsis.php', 30, [...])
 2 SYSTEMPATH\View\View.php(213): include('APPPATH\\Views\\topsis\\hasil_topsis.php')
 3 SYSTEMPATH\View\View.php(216): CodeIgniter\View\View->CodeIgniter\View\{closure}()
 4 SYSTEMPATH\Common.php(1134): CodeIgniter\View\View->render('topsis/hasil_topsis', [], true)
 5 APPPATH\Controllers\topsis.php(86): view('topsis/hasil_topsis', [...])
 6 SYSTEMPATH\CodeIgniter.php(927): App\Controllers\topsis->proses()
 7 SYSTEMPATH\CodeIgniter.php(482): CodeIgniter\CodeIgniter->runController(Object(App\Controllers\topsis))
 8 SYSTEMPATH\CodeIgniter.php(351): CodeIgniter\CodeIgniter->handleRequest(null, Object(Config\Cache), false)
 9 FCPATH\index.php(67): CodeIgniter\CodeIgniter->run()
10 SYSTEMPATH\Commands\Server\rewrite.php(46): require_once('FCPATH\\index.php')
CRITICAL - 2023-07-12 01:28:22 --> Invalid argument supplied for foreach()
in APPPATH\Views\topsis\hasil_topsis.php on line 30.
 1 APPPATH\Views\topsis\hasil_topsis.php(30): CodeIgniter\Debug\Exceptions->errorHandler(2, 'Invalid argument supplied for foreach()', 'APPPATH\\Views\\topsis\\hasil_topsis.php', 30, [...])
 2 SYSTEMPATH\View\View.php(213): include('APPPATH\\Views\\topsis\\hasil_topsis.php')
 3 SYSTEMPATH\View\View.php(216): CodeIgniter\View\View->CodeIgniter\View\{closure}()
 4 SYSTEMPATH\Common.php(1134): CodeIgniter\View\View->render('topsis/hasil_topsis', [], true)
 5 APPPATH\Controllers\topsis.php(86): view('topsis/hasil_topsis', [...])
 6 SYSTEMPATH\CodeIgniter.php(927): App\Controllers\topsis->proses()
 7 SYSTEMPATH\CodeIgniter.php(482): CodeIgniter\CodeIgniter->runController(Object(App\Controllers\topsis))
 8 SYSTEMPATH\CodeIgniter.php(351): CodeIgniter\CodeIgniter->handleRequest(null, Object(Config\Cache), false)
 9 FCPATH\index.php(67): CodeIgniter\CodeIgniter->run()
10 SYSTEMPATH\Commands\Server\rewrite.php(46): require_once('FCPATH\\index.php')
CRITICAL - 2023-07-12 01:31:43 --> Invalid argument supplied for foreach()
in APPPATH\Views\topsis\hasil_topsis.php on line 30.
 1 APPPATH\Views\topsis\hasil_topsis.php(30): CodeIgniter\Debug\Exceptions->errorHandler(2, 'Invalid argument supplied for foreach()', 'APPPATH\\Views\\topsis\\hasil_topsis.php', 30, [...])
 2 SYSTEMPATH\View\View.php(213): include('APPPATH\\Views\\topsis\\hasil_topsis.php')
 3 SYSTEMPATH\View\View.php(216): CodeIgniter\View\View->CodeIgniter\View\{closure}()
 4 SYSTEMPATH\Common.php(1134): CodeIgniter\View\View->render('topsis/hasil_topsis', [], true)
 5 APPPATH\Controllers\topsis.php(86): view('topsis/hasil_topsis', [...])
 6 SYSTEMPATH\CodeIgniter.php(927): App\Controllers\topsis->proses()
 7 SYSTEMPATH\CodeIgniter.php(482): CodeIgniter\CodeIgniter->runController(Object(App\Controllers\topsis))
 8 SYSTEMPATH\CodeIgniter.php(351): CodeIgniter\CodeIgniter->handleRequest(null, Object(Config\Cache), false)
 9 FCPATH\index.php(67): CodeIgniter\CodeIgniter->run()
10 SYSTEMPATH\Commands\Server\rewrite.php(46): require_once('FCPATH\\index.php')
CRITICAL - 2023-07-12 01:34:13 --> Invalid argument supplied for foreach()
in APPPATH\Views\topsis\hasil_topsis.php on line 30.
 1 APPPATH\Views\topsis\hasil_topsis.php(30): CodeIgniter\Debug\Exceptions->errorHandler(2, 'Invalid argument supplied for foreach()', 'APPPATH\\Views\\topsis\\hasil_topsis.php', 30, [...])
 2 SYSTEMPATH\View\View.php(213): include('APPPATH\\Views\\topsis\\hasil_topsis.php')
 3 SYSTEMPATH\View\View.php(216): CodeIgniter\View\View->CodeIgniter\View\{closure}()
 4 SYSTEMPATH\Common.php(1134): CodeIgniter\View\View->render('topsis/hasil_topsis', [], true)
 5 APPPATH\Controllers\topsis.php(85): view('topsis/hasil_topsis', [...])
 6 SYSTEMPATH\CodeIgniter.php(927): App\Controllers\topsis->proses()
 7 SYSTEMPATH\CodeIgniter.php(482): CodeIgniter\CodeIgniter->runController(Object(App\Controllers\topsis))
 8 SYSTEMPATH\CodeIgniter.php(351): CodeIgniter\CodeIgniter->handleRequest(null, Object(Config\Cache), false)
 9 FCPATH\index.php(67): CodeIgniter\CodeIgniter->run()
10 SYSTEMPATH\Commands\Server\rewrite.php(46): require_once('FCPATH\\index.php')
CRITICAL - 2023-07-12 01:44:28 --> Division by zero
in APPPATH\Controllers\topsis.php on line 67.
 1 APPPATH\Controllers\topsis.php(67): CodeIgniter\Debug\Exceptions->errorHandler(2, 'Division by zero', 'APPPATH\\Controllers\\topsis.php', 67, [...])
 2 SYSTEMPATH\CodeIgniter.php(927): App\Controllers\topsis->proses()
 3 SYSTEMPATH\CodeIgniter.php(482): CodeIgniter\CodeIgniter->runController(Object(App\Controllers\topsis))
 4 SYSTEMPATH\CodeIgniter.php(351): CodeIgniter\CodeIgniter->handleRequest(null, Object(Config\Cache), false)
 5 FCPATH\index.php(67): CodeIgniter\CodeIgniter->run()
 6 SYSTEMPATH\Commands\Server\rewrite.php(46): require_once('FCPATH\\index.php')
ERROR - 2023-07-12 03:35:34 --> mysqli_sql_exception: Column 'nama' cannot be null in C:\xampp\htdocs\PKB\system\Database\MySQLi\Connection.php:292
Stack trace:
#0 C:\xampp\htdocs\PKB\system\Database\MySQLi\Connection.php(292): mysqli->query('INSERT INTO `ka...', 0)
#1 C:\xampp\htdocs\PKB\system\Database\BaseConnection.php(666): CodeIgniter\Database\MySQLi\Connection->execute('INSERT INTO `ka...')
#2 C:\xampp\htdocs\PKB\system\Database\BaseConnection.php(593): CodeIgniter\Database\BaseConnection->simpleQuery('INSERT INTO `ka...')
#3 C:\xampp\htdocs\PKB\system\Database\BaseBuilder.php(1916): CodeIgniter\Database\BaseConnection->query('INSERT INTO `ka...', Array, false)
#4 C:\xampp\htdocs\PKB\system\Model.php(279): CodeIgniter\Database\BaseBuilder->insert()
#5 C:\xampp\htdocs\PKB\system\BaseModel.php(749): CodeIgniter\Model->doInsert(Array)
#6 C:\xampp\htdocs\PKB\system\Model.php(667): CodeIgniter\BaseModel->insert(Array, true)
#7 C:\xampp\htdocs\PKB\app\Controllers\Admin.php(209): CodeIgniter\Model->insert(Array)
#8 C:\xampp\htdocs\PKB\system\CodeIgniter.php(927): App\Controllers\Admin->import()
#9 C:\xampp\htdocs\PKB\system\CodeIgniter.php(482): CodeIgniter\CodeIgniter->runController(Object(App\Controllers\Admin))
#10 C:\xampp\htdocs\PKB\system\CodeIgniter.php(351): CodeIgniter\CodeIgniter->handleRequest(NULL, Object(Config\Cache), false)
#11 C:\xampp\htdocs\PKB\public\index.php(67): CodeIgniter\CodeIgniter->run()
#12 C:\xampp\htdocs\PKB\system\Commands\Server\rewrite.php(46): require_once('C:\\xampp\\htdocs...')
#13 {main}
ERROR - 2023-07-12 03:35:34 --> mysqli_sql_exception: Column 'nama' cannot be null in C:\xampp\htdocs\PKB\system\Database\MySQLi\Connection.php:292
Stack trace:
#0 C:\xampp\htdocs\PKB\system\Database\MySQLi\Connection.php(292): mysqli->query('INSERT INTO `ka...', 0)
#1 C:\xampp\htdocs\PKB\system\Database\BaseConnection.php(666): CodeIgniter\Database\MySQLi\Connection->execute('INSERT INTO `ka...')
#2 C:\xampp\htdocs\PKB\system\Database\BaseConnection.php(593): CodeIgniter\Database\BaseConnection->simpleQuery('INSERT INTO `ka...')
#3 C:\xampp\htdocs\PKB\system\Database\BaseBuilder.php(1916): CodeIgniter\Database\BaseConnection->query('INSERT INTO `ka...', Array, false)
#4 C:\xampp\htdocs\PKB\system\Model.php(279): CodeIgniter\Database\BaseBuilder->insert()
#5 C:\xampp\htdocs\PKB\system\BaseModel.php(749): CodeIgniter\Model->doInsert(Array)
#6 C:\xampp\htdocs\PKB\system\Model.php(667): CodeIgniter\BaseModel->insert(Array, true)
#7 C:\xampp\htdocs\PKB\app\Controllers\Admin.php(209): CodeIgniter\Model->insert(Array)
#8 C:\xampp\htdocs\PKB\system\CodeIgniter.php(927): App\Controllers\Admin->import()
#9 C:\xampp\htdocs\PKB\system\CodeIgniter.php(482): CodeIgniter\CodeIgniter->runController(Object(App\Controllers\Admin))
#10 C:\xampp\htdocs\PKB\system\CodeIgniter.php(351): CodeIgniter\CodeIgniter->handleRequest(NULL, Object(Config\Cache), false)
#11 C:\xampp\htdocs\PKB\public\index.php(67): CodeIgniter\CodeIgniter->run()
#12 C:\xampp\htdocs\PKB\system\Commands\Server\rewrite.php(46): require_once('C:\\xampp\\htdocs...')
#13 {main}
ERROR - 2023-07-12 03:35:34 --> mysqli_sql_exception: Column 'nama' cannot be null in C:\xampp\htdocs\PKB\system\Database\MySQLi\Connection.php:292
Stack trace:
#0 C:\xampp\htdocs\PKB\system\Database\MySQLi\Connection.php(292): mysqli->query('INSERT INTO `ka...', 0)
#1 C:\xampp\htdocs\PKB\system\Database\BaseConnection.php(666): CodeIgniter\Database\MySQLi\Connection->execute('INSERT INTO `ka...')
#2 C:\xampp\htdocs\PKB\system\Database\BaseConnection.php(593): CodeIgniter\Database\BaseConnection->simpleQuery('INSERT INTO `ka...')
#3 C:\xampp\htdocs\PKB\system\Database\BaseBuilder.php(1916): CodeIgniter\Database\BaseConnection->query('INSERT INTO `ka...', Array, false)
#4 C:\xampp\htdocs\PKB\system\Model.php(279): CodeIgniter\Database\BaseBuilder->insert()
#5 C:\xampp\htdocs\PKB\system\BaseModel.php(749): CodeIgniter\Model->doInsert(Array)
#6 C:\xampp\htdocs\PKB\system\Model.php(667): CodeIgniter\BaseModel->insert(Array, true)
#7 C:\xampp\htdocs\PKB\app\Controllers\Admin.php(209): CodeIgniter\Model->insert(Array)
#8 C:\xampp\htdocs\PKB\system\CodeIgniter.php(927): App\Controllers\Admin->import()
#9 C:\xampp\htdocs\PKB\system\CodeIgniter.php(482): CodeIgniter\CodeIgniter->runController(Object(App\Controllers\Admin))
#10 C:\xampp\htdocs\PKB\system\CodeIgniter.php(351): CodeIgniter\CodeIgniter->handleRequest(NULL, Object(Config\Cache), false)
#11 C:\xampp\htdocs\PKB\public\index.php(67): CodeIgniter\CodeIgniter->run()
#12 C:\xampp\htdocs\PKB\system\Commands\Server\rewrite.php(46): require_once('C:\\xampp\\htdocs...')
#13 {main}
ERROR - 2023-07-12 03:35:34 --> mysqli_sql_exception: Column 'nama' cannot be null in C:\xampp\htdocs\PKB\system\Database\MySQLi\Connection.php:292
Stack trace:
#0 C:\xampp\htdocs\PKB\system\Database\MySQLi\Connection.php(292): mysqli->query('INSERT INTO `ka...', 0)
#1 C:\xampp\htdocs\PKB\system\Database\BaseConnection.php(666): CodeIgniter\Database\MySQLi\Connection->execute('INSERT INTO `ka...')
#2 C:\xampp\htdocs\PKB\system\Database\BaseConnection.php(593): CodeIgniter\Database\BaseConnection->simpleQuery('INSERT INTO `ka...')
#3 C:\xampp\htdocs\PKB\system\Database\BaseBuilder.php(1916): CodeIgniter\Database\BaseConnection->query('INSERT INTO `ka...', Array, false)
#4 C:\xampp\htdocs\PKB\system\Model.php(279): CodeIgniter\Database\BaseBuilder->insert()
#5 C:\xampp\htdocs\PKB\system\BaseModel.php(749): CodeIgniter\Model->doInsert(Array)
#6 C:\xampp\htdocs\PKB\system\Model.php(667): CodeIgniter\BaseModel->insert(Array, true)
#7 C:\xampp\htdocs\PKB\app\Controllers\Admin.php(209): CodeIgniter\Model->insert(Array)
#8 C:\xampp\htdocs\PKB\system\CodeIgniter.php(927): App\Controllers\Admin->import()
#9 C:\xampp\htdocs\PKB\system\CodeIgniter.php(482): CodeIgniter\CodeIgniter->runController(Object(App\Controllers\Admin))
#10 C:\xampp\htdocs\PKB\system\CodeIgniter.php(351): CodeIgniter\CodeIgniter->handleRequest(NULL, Object(Config\Cache), false)
#11 C:\xampp\htdocs\PKB\public\index.php(67): CodeIgniter\CodeIgniter->run()
#12 C:\xampp\htdocs\PKB\system\Commands\Server\rewrite.php(46): require_once('C:\\xampp\\htdocs...')
#13 {main}
ERROR - 2023-07-12 03:35:34 --> mysqli_sql_exception: Column 'nama' cannot be null in C:\xampp\htdocs\PKB\system\Database\MySQLi\Connection.php:292
Stack trace:
#0 C:\xampp\htdocs\PKB\system\Database\MySQLi\Connection.php(292): mysqli->query('INSERT INTO `ka...', 0)
#1 C:\xampp\htdocs\PKB\system\Database\BaseConnection.php(666): CodeIgniter\Database\MySQLi\Connection->execute('INSERT INTO `ka...')
#2 C:\xampp\htdocs\PKB\system\Database\BaseConnection.php(593): CodeIgniter\Database\BaseConnection->simpleQuery('INSERT INTO `ka...')
#3 C:\xampp\htdocs\PKB\system\Database\BaseBuilder.php(1916): CodeIgniter\Database\BaseConnection->query('INSERT INTO `ka...', Array, false)
#4 C:\xampp\htdocs\PKB\system\Model.php(279): CodeIgniter\Database\BaseBuilder->insert()
#5 C:\xampp\htdocs\PKB\system\BaseModel.php(749): CodeIgniter\Model->doInsert(Array)
#6 C:\xampp\htdocs\PKB\system\Model.php(667): CodeIgniter\BaseModel->insert(Array, true)
#7 C:\xampp\htdocs\PKB\app\Controllers\Admin.php(209): CodeIgniter\Model->insert(Array)
#8 C:\xampp\htdocs\PKB\system\CodeIgniter.php(927): App\Controllers\Admin->import()
#9 C:\xampp\htdocs\PKB\system\CodeIgniter.php(482): CodeIgniter\CodeIgniter->runController(Object(App\Controllers\Admin))
#10 C:\xampp\htdocs\PKB\system\CodeIgniter.php(351): CodeIgniter\CodeIgniter->handleRequest(NULL, Object(Config\Cache), false)
#11 C:\xampp\htdocs\PKB\public\index.php(67): CodeIgniter\CodeIgniter->run()
#12 C:\xampp\htdocs\PKB\system\Commands\Server\rewrite.php(46): require_once('C:\\xampp\\htdocs...')
#13 {main}
CRITICAL - 2023-07-12 19:53:27 --> Invalid argument supplied for foreach()
in APPPATH\Controllers\topsis.php on line 79.
 1 APPPATH\Controllers\topsis.php(79): CodeIgniter\Debug\Exceptions->errorHandler(2, 'Invalid argument supplied for foreach()', 'APPPATH\\Controllers\\topsis.php', 79, [...])
 2 SYSTEMPATH\CodeIgniter.php(927): App\Controllers\topsis->proses()
 3 SYSTEMPATH\CodeIgniter.php(482): CodeIgniter\CodeIgniter->runController(Object(App\Controllers\topsis))
 4 SYSTEMPATH\CodeIgniter.php(351): CodeIgniter\CodeIgniter->handleRequest(null, Object(Config\Cache), false)
 5 FCPATH\index.php(67): CodeIgniter\CodeIgniter->run()
 6 SYSTEMPATH\Commands\Server\rewrite.php(46): require_once('FCPATH\\index.php')
CRITICAL - 2023-07-12 19:54:57 --> Call to undefined method CodeIgniter\Database\MySQLi\Connection::get()
in APPPATH\Controllers\topsis.php on line 73.
 1 SYSTEMPATH\CodeIgniter.php(927): App\Controllers\topsis->proses()
 2 SYSTEMPATH\CodeIgniter.php(482): CodeIgniter\CodeIgniter->runController(Object(App\Controllers\topsis))
 3 SYSTEMPATH\CodeIgniter.php(351): CodeIgniter\CodeIgniter->handleRequest(null, Object(Config\Cache), false)
 4 FCPATH\index.php(67): CodeIgniter\CodeIgniter->run()
 5 SYSTEMPATH\Commands\Server\rewrite.php(46): require_once('FCPATH\\index.php')
CRITICAL - 2023-07-12 20:01:16 --> syntax error, unexpected end of file, expecting function (T_FUNCTION) or const (T_CONST)
in APPPATH\Controllers\topsis.php on line 167.
 1 SYSTEMPATH\Router\Router.php(499): CodeIgniter\Router\AutoRouter->getRoute('topsis/proses')
 2 SYSTEMPATH\Router\Router.php(205): CodeIgniter\Router\Router->autoRoute('topsis/proses')
 3 SYSTEMPATH\CodeIgniter.php(802): CodeIgniter\Router\Router->handle('topsis/proses')
 4 SYSTEMPATH\CodeIgniter.php(430): CodeIgniter\CodeIgniter->tryToRouteIt(Object(CodeIgniter\Router\RouteCollection))
 5 SYSTEMPATH\CodeIgniter.php(351): CodeIgniter\CodeIgniter->handleRequest(null, Object(Config\Cache), false)
 6 FCPATH\index.php(67): CodeIgniter\CodeIgniter->run()
 7 SYSTEMPATH\Commands\Server\rewrite.php(46): require_once('FCPATH\\index.php')
CRITICAL - 2023-07-12 20:02:25 --> Illegal string offset 'psikotes'
in APPPATH\Controllers\topsis.php on line 81.
 1 APPPATH\Controllers\topsis.php(81): CodeIgniter\Debug\Exceptions->errorHandler(2, 'Illegal string offset \'psikotes\'', 'APPPATH\\Controllers\\topsis.php', 81, [...])
 2 SYSTEMPATH\CodeIgniter.php(927): App\Controllers\topsis->proses()
 3 SYSTEMPATH\CodeIgniter.php(482): CodeIgniter\CodeIgniter->runController(Object(App\Controllers\topsis))
 4 SYSTEMPATH\CodeIgniter.php(351): CodeIgniter\CodeIgniter->handleRequest(null, Object(Config\Cache), false)
 5 FCPATH\index.php(67): CodeIgniter\CodeIgniter->run()
 6 SYSTEMPATH\Commands\Server\rewrite.php(46): require_once('FCPATH\\index.php')
CRITICAL - 2023-07-12 20:08:33 --> syntax error, unexpected '}', expecting ';' or ','
in APPPATH\Controllers\topsis.php on line 76.
 1 SYSTEMPATH\Router\Router.php(499): CodeIgniter\Router\AutoRouter->getRoute('topsis/proses')
 2 SYSTEMPATH\Router\Router.php(205): CodeIgniter\Router\Router->autoRoute('topsis/proses')
 3 SYSTEMPATH\CodeIgniter.php(802): CodeIgniter\Router\Router->handle('topsis/proses')
 4 SYSTEMPATH\CodeIgniter.php(430): CodeIgniter\CodeIgniter->tryToRouteIt(Object(CodeIgniter\Router\RouteCollection))
 5 SYSTEMPATH\CodeIgniter.php(351): CodeIgniter\CodeIgniter->handleRequest(null, Object(Config\Cache), false)
 6 FCPATH\index.php(67): CodeIgniter\CodeIgniter->run()
 7 SYSTEMPATH\Commands\Server\rewrite.php(46): require_once('FCPATH\\index.php')
CRITICAL - 2023-07-12 20:30:52 --> array_push() expects parameter 1 to be array, null given
in APPPATH\Controllers\topsis.php on line 76.
 1 [internal function]: CodeIgniter\Debug\Exceptions->errorHandler(2, 'array_push() expects parameter 1 to be array, null given', 'APPPATH\\Controllers\\topsis.php', 76, [...])
 2 APPPATH\Controllers\topsis.php(76): array_push(null, '80')
 3 SYSTEMPATH\CodeIgniter.php(927): App\Controllers\topsis->proses()
 4 SYSTEMPATH\CodeIgniter.php(482): CodeIgniter\CodeIgniter->runController(Object(App\Controllers\topsis))
 5 SYSTEMPATH\CodeIgniter.php(351): CodeIgniter\CodeIgniter->handleRequest(null, Object(Config\Cache), false)
 6 FCPATH\index.php(67): CodeIgniter\CodeIgniter->run()
 7 SYSTEMPATH\Commands\Server\rewrite.php(46): require_once('FCPATH\\index.php')
CRITICAL - 2023-07-12 20:43:06 --> array_push() expects parameter 1 to be array, null given
in APPPATH\Controllers\topsis.php on line 75.
 1 [internal function]: CodeIgniter\Debug\Exceptions->errorHandler(2, 'array_push() expects parameter 1 to be array, null given', 'APPPATH\\Controllers\\topsis.php', 75, [...])
 2 APPPATH\Controllers\topsis.php(75): array_push(null, '90')
 3 SYSTEMPATH\CodeIgniter.php(927): App\Controllers\topsis->proses()
 4 SYSTEMPATH\CodeIgniter.php(482): CodeIgniter\CodeIgniter->runController(Object(App\Controllers\topsis))
 5 SYSTEMPATH\CodeIgniter.php(351): CodeIgniter\CodeIgniter->handleRequest(null, Object(Config\Cache), false)
 6 FCPATH\index.php(67): CodeIgniter\CodeIgniter->run()
 7 SYSTEMPATH\Commands\Server\rewrite.php(46): require_once('FCPATH\\index.php')
CRITICAL - 2023-07-12 20:54:57 --> array_push() expects parameter 1 to be array, null given
in APPPATH\Controllers\topsis.php on line 75.
 1 [internal function]: CodeIgniter\Debug\Exceptions->errorHandler(2, 'array_push() expects parameter 1 to be array, null given', 'APPPATH\\Controllers\\topsis.php', 75, [...])
 2 APPPATH\Controllers\topsis.php(75): array_push(null, '80')
 3 SYSTEMPATH\CodeIgniter.php(927): App\Controllers\topsis->proses()
 4 SYSTEMPATH\CodeIgniter.php(482): CodeIgniter\CodeIgniter->runController(Object(App\Controllers\topsis))
 5 SYSTEMPATH\CodeIgniter.php(351): CodeIgniter\CodeIgniter->handleRequest(null, Object(Config\Cache), false)
 6 FCPATH\index.php(67): CodeIgniter\CodeIgniter->run()
 7 SYSTEMPATH\Commands\Server\rewrite.php(46): require_once('FCPATH\\index.php')
CRITICAL - 2023-07-12 21:05:23 --> array_push() expects parameter 1 to be array, null given
in APPPATH\Controllers\topsis.php on line 75.
 1 [internal function]: CodeIgniter\Debug\Exceptions->errorHandler(2, 'array_push() expects parameter 1 to be array, null given', 'APPPATH\\Controllers\\topsis.php', 75, [...])
 2 APPPATH\Controllers\topsis.php(75): array_push(null, '80')
 3 SYSTEMPATH\CodeIgniter.php(927): App\Controllers\topsis->proses()
 4 SYSTEMPATH\CodeIgniter.php(482): CodeIgniter\CodeIgniter->runController(Object(App\Controllers\topsis))
 5 SYSTEMPATH\CodeIgniter.php(351): CodeIgniter\CodeIgniter->handleRequest(null, Object(Config\Cache), false)
 6 FCPATH\index.php(67): CodeIgniter\CodeIgniter->run()
 7 SYSTEMPATH\Commands\Server\rewrite.php(46): require_once('FCPATH\\index.php')
CRITICAL - 2023-07-12 21:26:38 --> count(): Parameter must be an array or an object that implements Countable
in APPPATH\Controllers\topsis.php on line 119.
 1 [internal function]: CodeIgniter\Debug\Exceptions->errorHandler(2, 'count(): Parameter must be an array or an object that implements Countable', 'APPPATH\\Controllers\\topsis.php', 119, [...])
 2 APPPATH\Controllers\topsis.php(119): count(null)
 3 SYSTEMPATH\CodeIgniter.php(927): App\Controllers\topsis->proses()
 4 SYSTEMPATH\CodeIgniter.php(482): CodeIgniter\CodeIgniter->runController(Object(App\Controllers\topsis))
 5 SYSTEMPATH\CodeIgniter.php(351): CodeIgniter\CodeIgniter->handleRequest(null, Object(Config\Cache), false)
 6 FCPATH\index.php(67): CodeIgniter\CodeIgniter->run()
 7 SYSTEMPATH\Commands\Server\rewrite.php(46): require_once('FCPATH\\index.php')
CRITICAL - 2023-07-12 21:30:31 --> count(): Parameter must be an array or an object that implements Countable
in APPPATH\Controllers\topsis.php on line 124.
 1 [internal function]: CodeIgniter\Debug\Exceptions->errorHandler(2, 'count(): Parameter must be an array or an object that implements Countable', 'APPPATH\\Controllers\\topsis.php', 124, [...])
 2 APPPATH\Controllers\topsis.php(124): count(null)
 3 SYSTEMPATH\CodeIgniter.php(927): App\Controllers\topsis->proses()
 4 SYSTEMPATH\CodeIgniter.php(482): CodeIgniter\CodeIgniter->runController(Object(App\Controllers\topsis))
 5 SYSTEMPATH\CodeIgniter.php(351): CodeIgniter\CodeIgniter->handleRequest(null, Object(Config\Cache), false)
 6 FCPATH\index.php(67): CodeIgniter\CodeIgniter->run()
 7 SYSTEMPATH\Commands\Server\rewrite.php(46): require_once('FCPATH\\index.php')
CRITICAL - 2023-07-12 21:31:27 --> count(): Parameter must be an array or an object that implements Countable
in APPPATH\Controllers\topsis.php on line 125.
 1 [internal function]: CodeIgniter\Debug\Exceptions->errorHandler(2, 'count(): Parameter must be an array or an object that implements Countable', 'APPPATH\\Controllers\\topsis.php', 125, [...])
 2 APPPATH\Controllers\topsis.php(125): count(null)
 3 SYSTEMPATH\CodeIgniter.php(927): App\Controllers\topsis->proses()
 4 SYSTEMPATH\CodeIgniter.php(482): CodeIgniter\CodeIgniter->runController(Object(App\Controllers\topsis))
 5 SYSTEMPATH\CodeIgniter.php(351): CodeIgniter\CodeIgniter->handleRequest(null, Object(Config\Cache), false)
 6 FCPATH\index.php(67): CodeIgniter\CodeIgniter->run()
 7 SYSTEMPATH\Commands\Server\rewrite.php(46): require_once('FCPATH\\index.php')
CRITICAL - 2023-07-12 21:31:32 --> count(): Parameter must be an array or an object that implements Countable
in APPPATH\Controllers\topsis.php on line 125.
 1 [internal function]: CodeIgniter\Debug\Exceptions->errorHandler(2, 'count(): Parameter must be an array or an object that implements Countable', 'APPPATH\\Controllers\\topsis.php', 125, [...])
 2 APPPATH\Controllers\topsis.php(125): count(null)
 3 SYSTEMPATH\CodeIgniter.php(927): App\Controllers\topsis->proses()
 4 SYSTEMPATH\CodeIgniter.php(482): CodeIgniter\CodeIgniter->runController(Object(App\Controllers\topsis))
 5 SYSTEMPATH\CodeIgniter.php(351): CodeIgniter\CodeIgniter->handleRequest(null, Object(Config\Cache), false)
 6 FCPATH\index.php(67): CodeIgniter\CodeIgniter->run()
 7 SYSTEMPATH\Commands\Server\rewrite.php(46): require_once('FCPATH\\index.php')
CRITICAL - 2023-07-12 21:33:01 --> count(): Parameter must be an array or an object that implements Countable
in APPPATH\Controllers\topsis.php on line 125.
 1 [internal function]: CodeIgniter\Debug\Exceptions->errorHandler(2, 'count(): Parameter must be an array or an object that implements Countable', 'APPPATH\\Controllers\\topsis.php', 125, [...])
 2 APPPATH\Controllers\topsis.php(125): count(null)
 3 SYSTEMPATH\CodeIgniter.php(927): App\Controllers\topsis->proses()
 4 SYSTEMPATH\CodeIgniter.php(482): CodeIgniter\CodeIgniter->runController(Object(App\Controllers\topsis))
 5 SYSTEMPATH\CodeIgniter.php(351): CodeIgniter\CodeIgniter->handleRequest(null, Object(Config\Cache), false)
 6 FCPATH\index.php(67): CodeIgniter\CodeIgniter->run()
 7 SYSTEMPATH\Commands\Server\rewrite.php(46): require_once('FCPATH\\index.php')
CRITICAL - 2023-07-12 21:33:31 --> count(): Parameter must be an array or an object that implements Countable
in APPPATH\Controllers\topsis.php on line 125.
 1 [internal function]: CodeIgniter\Debug\Exceptions->errorHandler(2, 'count(): Parameter must be an array or an object that implements Countable', 'APPPATH\\Controllers\\topsis.php', 125, [...])
 2 APPPATH\Controllers\topsis.php(125): count(null)
 3 SYSTEMPATH\CodeIgniter.php(927): App\Controllers\topsis->proses()
 4 SYSTEMPATH\CodeIgniter.php(482): CodeIgniter\CodeIgniter->runController(Object(App\Controllers\topsis))
 5 SYSTEMPATH\CodeIgniter.php(351): CodeIgniter\CodeIgniter->handleRequest(null, Object(Config\Cache), false)
 6 FCPATH\index.php(67): CodeIgniter\CodeIgniter->run()
 7 SYSTEMPATH\Commands\Server\rewrite.php(46): require_once('FCPATH\\index.php')
CRITICAL - 2023-07-12 22:32:10 --> count(): Parameter must be an array or an object that implements Countable
in APPPATH\Controllers\topsis.php on line 125.
 1 [internal function]: CodeIgniter\Debug\Exceptions->errorHandler(2, 'count(): Parameter must be an array or an object that implements Countable', 'APPPATH\\Controllers\\topsis.php', 125, [...])
 2 APPPATH\Controllers\topsis.php(125): count(null)
 3 SYSTEMPATH\CodeIgniter.php(927): App\Controllers\topsis->proses()
 4 SYSTEMPATH\CodeIgniter.php(482): CodeIgniter\CodeIgniter->runController(Object(App\Controllers\topsis))
 5 SYSTEMPATH\CodeIgniter.php(351): CodeIgniter\CodeIgniter->handleRequest(null, Object(Config\Cache), false)
 6 FCPATH\index.php(67): CodeIgniter\CodeIgniter->run()
 7 SYSTEMPATH\Commands\Server\rewrite.php(46): require_once('FCPATH\\index.php')
CRITICAL - 2023-07-12 22:33:00 --> count(): Parameter must be an array or an object that implements Countable
in APPPATH\Controllers\topsis.php on line 125.
 1 [internal function]: CodeIgniter\Debug\Exceptions->errorHandler(2, 'count(): Parameter must be an array or an object that implements Countable', 'APPPATH\\Controllers\\topsis.php', 125, [...])
 2 APPPATH\Controllers\topsis.php(125): count(null)
 3 SYSTEMPATH\CodeIgniter.php(927): App\Controllers\topsis->proses()
 4 SYSTEMPATH\CodeIgniter.php(482): CodeIgniter\CodeIgniter->runController(Object(App\Controllers\topsis))
 5 SYSTEMPATH\CodeIgniter.php(351): CodeIgniter\CodeIgniter->handleRequest(null, Object(Config\Cache), false)
 6 FCPATH\index.php(67): CodeIgniter\CodeIgniter->run()
 7 SYSTEMPATH\Commands\Server\rewrite.php(46): require_once('FCPATH\\index.php')
